2013/12/04 00:00:11.221 [ctdbp2:DLOGP3]:Instrument Started [Power On]
2013/12/04 00:00:24.646 # 13.8273,  4.25422,  134.164,  35.6684, 1505.921, 04 Dec 2013 00:00:21,  26.7402, 11.4,   2.0
2013/12/04 00:00:34.638 # 13.8280,  4.25426,  134.165,  35.6681, 1505.923, 04 Dec 2013 00:00:31,  26.7400, 11.4,   2.7
2013/12/04 00:00:44.640 # 13.8277,  4.25427,  134.139,  35.6686, 1505.922, 04 Dec 2013 00:00:41,  26.7404, 11.4,   2.1
2013/12/04 00:00:54.639 # 13.8275,  4.25425,  134.151,  35.6685, 1505.922, 04 Dec 2013 00:00:51,  26.7404, 11.4,   2.0
2013/12/04 00:01:04.638 # 13.8276,  4.25426,  134.148,  35.6686, 1505.922, 04 Dec 2013 00:01:01,  26.7404, 11.5,   2.0
2013/12/04 00:01:14.638 # 13.8283,  4.25431,  134.154,  35.6683, 1505.924, 04 Dec 2013 00:01:11,  26.7401, 11.5,   2.0
2013/12/04 00:01:24.639 # 13.8276,  4.25426,  134.151,  35.6685, 1505.922, 04 Dec 2013 00:01:21,  26.7404, 11.5,   2.3
2013/12/04 00:01:34.638 # 13.8279,  4.25427,  134.170,  35.6683, 1505.923, 04 Dec 2013 00:01:31,  26.7401, 11.5,   2.1
2013/12/04 00:01:44.639 # 13.8278,  4.25427,  134.162,  35.6685, 1505.923, 04 Dec 2013 00:01:41,  26.7402, 11.5,   2.0
2013/12/04 00:01:54.638 # 13.8279,  4.25429,  134.151,  35.6685, 1505.923, 04 Dec 2013 00:01:51,  26.7402, 11.5,   2.1
2013/12/04 00:02:04.638 # 13.8280,  4.25427,  134.160,  35.6682, 1505.923, 04 Dec 2013 00:02:01,  26.7401, 11.5,   2.2
2013/12/04 00:02:14.638 # 13.8276,  4.25425,  134.169,  35.6685, 1505.922, 04 Dec 2013 00:02:11,  26.7404, 11.5,   2.0
2013/12/04 00:02:24.638 # 13.8277,  4.25424,  134.153,  35.6683, 1505.922, 04 Dec 2013 00:02:21,  26.7401, 11.5,   2.0
2013/12/04 00:02:34.639 # 13.8274,  4.25424,  134.162,  35.6686, 1505.921, 04 Dec 2013 00:02:31,  26.7405, 11.5,   2.3
2013/12/04 00:02:44.651 # 13.8273,  4.25423,  134.160,  35.6685, 1505.921, 04 Dec 2013 00:02:41,  26.7405, 11.5,   2.0
2013/12/04 00:02:54.640 # 13.8273,  4.25423,  134.154,  35.6685, 1505.921, 04 Dec 2013 00:02:51,  26.7405, 11.5,   2.4
2013/12/04 00:03:04.638 # 13.8274,  4.25425,  134.155,  35.6686, 1505.921, 04 Dec 2013 00:03:01,  26.7405, 11.5,   2.1
2013/12/04 00:03:14.638 # 13.8288,  4.25435,  134.156,  35.6683, 1505.926, 04 Dec 2013 00:03:11,  26.7399, 11.5,   2.1
2013/12/04 00:03:24.638 # 13.8291,  4.25439,  134.149,  35.6684, 1505.927, 04 Dec 2013 00:03:21,  26.7400, 11.5,   2.1
2013/12/04 00:03:34.639 # 13.8294,  4.25441,  134.148,  35.6683, 1505.927, 04 Dec 2013 00:03:31,  26.7397, 11.5,   2.1
2013/12/04 00:03:44.639 # 13.8291,  4.25441,  134.145,  35.6685, 1505.927, 04 Dec 2013 00:03:41,  26.7400, 11.5,   2.0
2013/12/04 00:03:54.640 # 13.8296,  4.25447,  134.154,  35.6687, 1505.929, 04 Dec 2013 00:03:51,  26.7400, 11.5,   2.7
2013/12/04 00:04:04.639 # 13.8299,  4.25450,  134.168,  35.6687, 1505.930, 04 Dec 2013 00:04:01,  26.7400, 11.5,   2.5
2013/12/04 00:04:14.639 # 13.8307,  4.25454,  134.161,  35.6683, 1505.932, 04 Dec 2013 00:04:11,  26.7395, 11.5,   2.0
2013/12/04 00:04:24.639 # 13.8301,  4.25451,  134.145,  35.6685, 1505.930, 04 Dec 2013 00:04:21,  26.7399, 11.5,   3.2
2013/12/04 00:04:34.639 # 13.8302,  4.25450,  134.151,  35.6684, 1505.930, 04 Dec 2013 00:04:31,  26.7397, 11.5,   2.2
2013/12/04 00:04:44.640 # 13.8296,  4.25448,  134.163,  35.6687, 1505.929, 04 Dec 2013 00:04:41,  26.7401, 11.5,   1.9
2013/12/04 00:04:54.638 # 13.8310,  4.25460,  134.169,  35.6685, 1505.933, 04 Dec 2013 00:04:51,  26.7396, 11.5,   2.4
2013/12/04 00:05:04.637 # 13.8307,  4.25457,  134.162,  35.6686, 1505.932, 04 Dec 2013 00:05:01,  26.7397, 11.5,   2.6
2013/12/04 00:05:14.640 # 13.8303,  4.25456,  134.169,  35.6689, 1505.932, 04 Dec 2013 00:05:11,  26.7400, 11.5,   2.2
2013/12/04 00:05:24.640 # 13.8302,  4.25454,  134.163,  35.6688, 1505.931, 04 Dec 2013 00:05:21,  26.7400, 11.5,   2.2
2013/12/04 00:05:34.638 # 13.8302,  4.25451,  134.164,  35.6685, 1505.931, 04 Dec 2013 00:05:31,  26.7397, 11.5,   2.0
2013/12/04 00:05:44.639 # 13.8300,  4.25452,  134.169,  35.6687, 1505.930, 04 Dec 2013 00:05:41,  26.7400, 11.5,   2.3
2013/12/04 00:05:54.638 # 13.8300,  4.25452,  134.168,  35.6687, 1505.930, 04 Dec 2013 00:05:51,  26.7400, 11.5,   2.1
2013/12/04 00:06:11.145 [ctdbp2:DLOGP3]:Instrument Stopped [Power Off]
2013/12/04 01:00:13.508 [ctdbp2:DLOGP3]:Instrument Started [Power On]
2013/12/04 01:00:26.646 # 13.7643,  4.24662,  134.141,  35.6557, 1505.701, 04 Dec 2013 01:00:23,  26.7437, 11.4,   2.0
2013/12/04 01:00:36.640 # 13.7631,  4.24646,  134.140,  35.6554, 1505.696, 04 Dec 2013 01:00:33,  26.7437, 11.4,   2.6
2013/12/04 01:00:46.641 # 13.7631,  4.24645,  134.123,  35.6552, 1505.696, 04 Dec 2013 01:00:43,  26.7435, 11.4,   1.9
2013/12/04 01:00:56.640 # 13.7638,  4.24654,  134.127,  35.6555, 1505.698, 04 Dec 2013 01:00:53,  26.7437, 11.4,   2.1
2013/12/04 01:01:06.640 # 13.7639,  4.24654,  134.133,  35.6553, 1505.699, 04 Dec 2013 01:01:03,  26.7434, 11.5,   2.0
2013/12/04 01:01:16.639 # 13.7639,  4.24654,  134.123,  35.6553, 1505.699, 04 Dec 2013 01:01:13,  26.7434, 11.5,   2.1
2013/12/04 01:01:26.639 # 13.7639,  4.24653,  134.133,  35.6552, 1505.699, 04 Dec 2013 01:01:23,  26.7434, 11.5,   2.1
2013/12/04 01:01:36.640 # 13.7637,  4.24651,  134.134,  35.6552, 1505.698, 04 Dec 2013 01:01:33,  26.7434, 11.5,   2.2
2013/12/04 01:01:46.640 # 13.7637,  4.24651,  134.125,  35.6552, 1505.698, 04 Dec 2013 01:01:43,  26.7434, 11.5,   2.2
2013/12/04 01:01:56.641 # 13.7636,  4.24651,  134.113,  35.6553, 1505.698, 04 Dec 2013 01:01:53,  26.7435, 11.5,   2.1
2013/12/04 01:02:06.640 # 13.7636,  4.24652,  134.110,  35.6554, 1505.697, 04 Dec 2013 01:02:03,  26.7437, 11.5,   2.2
2013/12/04 01:02:16.641 # 13.7638,  4.24653,  134.110,  35.6553, 1505.698, 04 Dec 2013 01:02:13,  26.7435, 11.5,   2.2
2013/12/04 01:02:26.640 # 13.7630,  4.24645,  134.131,  35.6553, 1505.696, 04 Dec 2013 01:02:23,  26.7437, 11.5,   2.0
2013/12/04 01:02:36.650 # 13.7637,  4.24653,  134.139,  35.6554, 1505.698, 04 Dec 2013 01:02:33,  26.7437, 11.5,   2.0
2013/12/04 01:02:46.639 # 13.7633,  4.24647,  134.133,  35.6552, 1505.697, 04 Dec 2013 01:02:43,  26.7435, 11.5,   2.5
2013/12/04 01:02:56.640 # 13.7630,  4.24644,  134.132,  35.6553, 1505.696, 04 Dec 2013 01:02:53,  26.7437, 11.5,   2.3
2013/12/04 01:03:06.638 # 13.7622,  4.24634,  134.120,  35.6550, 1505.693, 04 Dec 2013 01:03:03,  26.7437, 11.5,   2.1
2013/12/04 01:03:16.644 # 13.7624,  4.24639,  134.123,  35.6553, 1505.694, 04 Dec 2013 01:03:13,  26.7438, 11.5,   2.2
2013/12/04 01:03:26.639 # 13.7638,  4.24651,  134.131,  35.6551, 1505.698, 04 Dec 2013 01:03:23,  26.7434, 11.5,   1.9
2013/12/04 01:03:36.646 # 13.7631,  4.24644,  134.134,  35.6551, 1505.696, 04 Dec 2013 01:03:33,  26.7435, 11.5,   2.5
2013/12/04 01:03:46.641 # 13.7627,  4.24638,  134.126,  35.6549, 1505.694, 04 Dec 2013 01:03:43,  26.7434, 11.5,   2.2
2013/12/04 01:03:56.641 # 13.7603,  4.24610,  134.118,  35.6545, 1505.686, 04 Dec 2013 01:03:53,  26.7437, 11.5,   2.2
2013/12/04 01:04:06.640 # 13.7576,  4.24581,  134.120,  35.6543, 1505.677, 04 Dec 2013 01:04:03,  26.7440, 11.5,   2.0
2013/12/04 01:04:16.640 # 13.7551,  4.24552,  134.130,  35.6540, 1505.668, 04 Dec 2013 01:04:13,  26.7443, 11.5,   2.3
2013/12/04 01:04:26.640 # 13.7552,  4.24549,  134.130,  35.6536, 1505.668, 04 Dec 2013 01:04:23,  26.7440, 11.5,   3.1
2013/12/04 01:04:36.639 # 13.7551,  4.24551,  134.130,  35.6538, 1505.668, 04 Dec 2013 01:04:33,  26.7441, 11.5,   2.0
2013/12/04 01:04:46.640 # 13.7551,  4.24546,  134.139,  35.6533, 1505.668, 04 Dec 2013 01:04:43,  26.7438, 11.5,   2.2
2013/12/04 01:04:56.639 # 13.7551,  4.24545,  134.131,  35.6532, 1505.668, 04 Dec 2013 01:04:53,  26.7437, 11.5,   2.0
2013/12/04 01:05:06.639 # 13.7560,  4.24557,  134.120,  35.6536, 1505.671, 04 Dec 2013 01:05:03,  26.7438, 11.5,   2.4
2013/12/04 01:05:16.640 # 13.7553,  4.24551,  134.123,  35.6536, 1505.669, 04 Dec 2013 01:05:13,  26.7439, 11.5,   2.4
2013/12/04 01:05:26.639 # 13.7554,  4.24548,  134.126,  35.6533, 1505.669, 04 Dec 2013 01:05:23,  26.7438, 11.5,   2.2
2013/12/04 01:05:36.639 # 13.7571,  4.24568,  134.124,  35.6535, 1505.675, 04 Dec 2013 01:05:33,  26.7435, 11.5,   2.7
2013/12/04 01:05:46.639 # 13.7576,  4.24576,  134.122,  35.6539, 1505.676, 04 Dec 2013 01:05:43,  26.7437, 11.5,   2.6
2013/12/04 01:05:56.639 # 13.7582,  4.24586,  134.140,  35.6543, 1505.679, 04 Dec 2013 01:05:53,  26.7439, 11.5,   2.2
2013/12/04 01:06:05.150 [ctdbp2:DLOGP3]:Instrument Stopped [Power Off]
2013/12/04 01:57:31.981 [ctdbp2:DLOGP3]:Idle state, without initialize
2013/12/04 02:00:12.851 [ctdbp2:DLOGP3]:Instrument Started [Power On]
2013/12/04 02:00:26.652 # 13.6291,  4.23033,  133.986,  35.6283, 1505.225, 04 Dec 2013 02:00:23,  26.7507, 11.4,   2.0
2013/12/04 02:00:36.643 # 13.6296,  4.23038,  133.988,  35.6284, 1505.227, 04 Dec 2013 02:00:33,  26.7507, 11.4,   2.5
2013/12/04 02:00:46.639 # 13.6297,  4.23036,  133.982,  35.6281, 1505.227, 04 Dec 2013 02:00:43,  26.7505, 11.4,   2.0
2013/12/04 02:00:56.641 # 13.6296,  4.23035,  133.979,  35.6282, 1505.226, 04 Dec 2013 02:00:53,  26.7505, 11.4,   3.4
2013/12/04 02:01:06.640 # 13.6300,  4.23037,  133.979,  35.6280, 1505.227, 04 Dec 2013 02:01:03,  26.7502, 11.5,   2.1
2013/12/04 02:01:16.642 # 13.6298,  4.23039,  133.984,  35.6283, 1505.227, 04 Dec 2013 02:01:13,  26.7506, 11.5,   2.0
2013/12/04 02:01:26.640 # 13.6301,  4.23041,  133.986,  35.6282, 1505.228, 04 Dec 2013 02:01:23,  26.7505, 11.5,   2.1
2013/12/04 02:01:36.641 # 13.6298,  4.23039,  133.992,  35.6282, 1505.227, 04 Dec 2013 02:01:33,  26.7506, 11.5,   3.1
2013/12/04 02:01:46.642 # 13.6299,  4.23038,  133.988,  35.6281, 1505.227, 04 Dec 2013 02:01:43,  26.7504, 11.5,   2.1
2013/12/04 02:01:56.640 # 13.6297,  4.23036,  133.971,  35.6282, 1505.226, 04 Dec 2013 02:01:53,  26.7505, 11.5,   2.3
2013/12/04 02:02:06.641 # 13.6294,  4.23032,  133.979,  35.6280, 1505.225, 04 Dec 2013 02:02:03,  26.7505, 11.5,   2.0
2013/12/04 02:02:16.641 # 13.6296,  4.23035,  133.973,  35.6280, 1505.226, 04 Dec 2013 02:02:13,  26.7504, 11.5,   2.5
2013/12/04 02:02:26.640 # 13.6292,  4.23032,  133.987,  35.6282, 1505.225, 04 Dec 2013 02:02:23,  26.7507, 11.5,   1.9
2013/12/04 02:02:36.654 # 13.6292,  4.23030,  133.976,  35.6281, 1505.225, 04 Dec 2013 02:02:33,  26.7505, 11.5,   3.5
2013/12/04 02:02:46.641 # 13.6287,  4.23025,  133.984,  35.6281, 1505.223, 04 Dec 2013 02:02:43,  26.7506, 11.5,   2.3
2013/12/04 02:02:56.641 # 13.6284,  4.23023,  133.973,  35.6281, 1505.222, 04 Dec 2013 02:02:53,  26.7507, 11.5,   2.0
2013/12/04 02:03:06.640 # 13.6285,  4.23022,  133.969,  35.6279, 1505.222, 04 Dec 2013 02:03:03,  26.7506, 11.5,   2.0
2013/12/04 02:03:16.640 # 13.6272,  4.23010,  133.981,  35.6280, 1505.218, 04 Dec 2013 02:03:13,  26.7509, 11.5,   2.1
2013/12/04 02:03:26.641 # 13.6237,  4.22971,  133.981,  35.6275, 1505.206, 04 Dec 2013 02:03:23,  26.7513, 11.5,   2.1
2013/12/04 02:03:36.640 # 13.6245,  4.22981,  133.981,  35.6277, 1505.209, 04 Dec 2013 02:03:33,  26.7512, 11.5,   2.0
2013/12/04 02:03:46.640 # 13.6244,  4.22975,  133.972,  35.6273, 1505.208, 04 Dec 2013 02:03:43,  26.7510, 11.5,   2.4
2013/12/04 02:03:56.644 # 13.6240,  4.22973,  133.975,  35.6275, 1505.207, 04 Dec 2013 02:03:53,  26.7512, 11.5,   2.2
2013/12/04 02:04:06.640 # 13.6236,  4.22969,  133.971,  35.6275, 1505.206, 04 Dec 2013 02:04:03,  26.7512, 11.5,   2.1
2013/12/04 02:04:16.641 # 13.6243,  4.22974,  133.978,  35.6273, 1505.208, 04 Dec 2013 02:04:13,  26.7510, 11.5,   2.0
2013/12/04 02:04:26.641 # 13.6237,  4.22968,  133.978,  35.6274, 1505.206, 04 Dec 2013 02:04:23,  26.7511, 11.5,   2.1
2013/12/04 02:04:36.640 # 13.6230,  4.22963,  133.997,  35.6275, 1505.204, 04 Dec 2013 02:04:33,  26.7513, 11.5,   2.3
2013/12/04 02:04:46.640 # 13.6229,  4.22959,  133.983,  35.6272, 1505.203, 04 Dec 2013 02:04:43,  26.7512, 11.5,   2.1
2013/12/04 02:04:56.640 # 13.6231,  4.22959,  133.964,  35.6270, 1505.203, 04 Dec 2013 02:04:53,  26.7510, 11.5,   1.9
2013/12/04 02:05:06.640 # 13.6234,  4.22963,  133.980,  35.6272, 1505.205, 04 Dec 2013 02:05:03,  26.7511, 11.5,   2.1
2013/12/04 02:05:16.641 # 13.6234,  4.22963,  133.987,  35.6271, 1505.205, 04 Dec 2013 02:05:13,  26.7510, 11.5,   2.1
2013/12/04 02:05:26.641 # 13.6231,  4.22959,  133.969,  35.6270, 1505.203, 04 Dec 2013 02:05:23,  26.7510, 11.5,   2.0
2013/12/04 02:05:36.641 # 13.6222,  4.22950,  133.960,  35.6270, 1505.200, 04 Dec 2013 02:05:33,  26.7512, 11.5,   2.0
2013/12/04 02:05:46.641 # 13.6216,  4.22944,  133.966,  35.6270, 1505.199, 04 Dec 2013 02:05:43,  26.7513, 11.5,   2.1
2013/12/04 02:05:56.640 # 13.6212,  4.22938,  133.979,  35.6268, 1505.197, 04 Dec 2013 02:05:53,  26.7512, 11.5,   2.0
2013/12/04 02:06:13.169 [ctdbp2:DLOGP3]:Instrument Stopped [Power Off]
2013/12/04 02:57:32.021 [ctdbp2:DLOGP3]:Idle state, without initialize
2013/12/04 03:00:14.846 [ctdbp2:DLOGP3]:Instrument Started [Power On]
2013/12/04 03:00:28.646 # 13.6028,  4.22728,  133.724,  35.6243, 1505.130, 04 Dec 2013 03:00:25,  26.7531, 11.4,   2.2
2013/12/04 03:00:38.646 # 13.6031,  4.22732,  133.727,  35.6244, 1505.131, 04 Dec 2013 03:00:35,  26.7532, 11.4,   2.9
2013/12/04 03:00:48.642 # 13.6032,  4.22734,  133.729,  35.6244, 1505.131, 04 Dec 2013 03:00:45,  26.7532, 11.4,   2.2
2013/12/04 03:00:58.645 # 13.6034,  4.22733,  133.726,  35.6242, 1505.132, 04 Dec 2013 03:00:55,  26.7529, 11.4,   2.0
2013/12/04 03:01:08.640 # 13.6032,  4.22732,  133.724,  35.6242, 1505.131, 04 Dec 2013 03:01:05,  26.7529, 11.5,   3.2
2013/12/04 03:01:18.641 # 13.6028,  4.22731,  133.719,  35.6245, 1505.130, 04 Dec 2013 03:01:15,  26.7533, 11.5,   1.9
2013/12/04 03:01:28.645 # 13.6032,  4.22734,  133.726,  35.6245, 1505.131, 04 Dec 2013 03:01:25,  26.7532, 11.5,   2.2
2013/12/04 03:01:38.642 # 13.6033,  4.22735,  133.720,  35.6244, 1505.132, 04 Dec 2013 03:01:35,  26.7531, 11.5,   1.9
2013/12/04 03:01:48.642 # 13.6034,  4.22736,  133.715,  35.6245, 1505.132, 04 Dec 2013 03:01:45,  26.7532, 11.5,   1.9
2013/12/04 03:01:58.643 # 13.6036,  4.22738,  133.709,  35.6245, 1505.132, 04 Dec 2013 03:01:55,  26.7531, 11.5,   2.1
2013/12/04 03:02:08.645 # 13.6039,  4.22739,  133.704,  35.6243, 1505.133, 04 Dec 2013 03:02:05,  26.7529, 11.5,   2.0
2013/12/04 03:02:18.640 # 13.6034,  4.22738,  133.704,  35.6247, 1505.132, 04 Dec 2013 03:02:15,  26.7533, 11.5,   2.0
2013/12/04 03:02:28.656 # 13.6033,  4.22735,  133.723,  35.6244, 1505.132, 04 Dec 2013 03:02:25,  26.7532, 11.5,   2.0
2013/12/04 03:02:38.640 # 13.6039,  4.22741,  133.720,  35.6244, 1505.134, 04 Dec 2013 03:02:35,  26.7529, 11.5,   2.1
2013/12/04 03:02:48.642 # 13.6039,  4.22744,  133.720,  35.6247, 1505.134, 04 Dec 2013 03:02:45,  26.7532, 11.5,   2.0
2013/12/04 03:02:58.642 # 13.6032,  4.22734,  133.719,  35.6244, 1505.131, 04 Dec 2013 03:02:55,  26.7532, 11.5,   1.9
2013/12/04 03:03:08.648 # 13.6028,  4.22732,  133.722,  35.6246, 1505.130, 04 Dec 2013 03:03:05,  26.7534, 11.5,   2.1
2013/12/04 03:03:18.640 # 13.6030,  4.22731,  133.734,  35.6243, 1505.131, 04 Dec 2013 03:03:15,  26.7532, 11.5,   2.4
2013/12/04 03:03:28.641 # 13.6029,  4.22731,  133.725,  35.6245, 1505.130, 04 Dec 2013 03:03:25,  26.7532, 11.5,   1.8
2013/12/04 03:03:38.642 # 13.6029,  4.22733,  133.698,  35.6246, 1505.130, 04 Dec 2013 03:03:35,  26.7533, 11.5,   2.8
2013/12/04 03:03:48.641 # 13.6030,  4.22731,  133.706,  35.6244, 1505.130, 04 Dec 2013 03:03:45,  26.7532, 11.5,   2.1
2013/12/04 03:03:58.641 # 13.6027,  4.22732,  133.710,  35.6247, 1505.130, 04 Dec 2013 03:03:55,  26.7534, 11.5,   2.1
2013/12/04 03:04:08.642 # 13.6028,  4.22731,  133.718,  35.6246, 1505.130, 04 Dec 2013 03:04:05,  26.7533, 11.5,   2.1
2013/12/04 03:04:18.642 # 13.6031,  4.22730,  133.714,  35.6242, 1505.130, 04 Dec 2013 03:04:15,  26.7529, 11.5,   2.3
2013/12/04 03:04:28.642 # 13.6025,  4.22729,  133.710,  35.6246, 1505.129, 04 Dec 2013 03:04:25,  26.7534, 11.5,   4.0
2013/12/04 03:04:38.640 # 13.6025,  4.22728,  133.707,  35.6245, 1505.129, 04 Dec 2013 03:04:35,  26.7533, 11.5,   3.0
2013/12/04 03:04:48.642 # 13.6023,  4.22725,  133.701,  35.6245, 1505.128, 04 Dec 2013 03:04:45,  26.7533, 11.5,   2.2
2013/12/04 03:04:58.640 # 13.6025,  4.22727,  133.707,  35.6244, 1505.129, 04 Dec 2013 03:04:55,  26.7533, 11.5,   2.3
2013/12/04 03:05:08.641 # 13.6027,  4.22728,  133.710,  35.6244, 1505.129, 04 Dec 2013 03:05:05,  26.7533, 11.5,   1.9
2013/12/04 03:05:18.650 # 13.6036,  4.22736,  133.702,  35.6243, 1505.132, 04 Dec 2013 03:05:15,  26.7529, 11.5,   2.4
2013/12/04 03:05:28.641 # 13.6052,  4.22751,  133.701,  35.6242, 1505.137, 04 Dec 2013 03:05:25,  26.7526, 11.5,   1.9
2013/12/04 03:05:38.640 # 13.6050,  4.22751,  133.707,  35.6244, 1505.137, 04 Dec 2013 03:05:35,  26.7528, 11.5,   2.0
2013/12/04 03:05:48.643 # 13.6053,  4.22752,  133.709,  35.6242, 1505.138, 04 Dec 2013 03:05:45,  26.7526, 11.5,   2.2
2013/12/04 03:05:58.641 # 13.6042,  4.22744,  133.708,  35.6245, 1505.134, 04 Dec 2013 03:05:55,  26.7531, 11.5,   2.3
2013/12/04 03:06:05.161 [ctdbp2:DLOGP3]:Instrument Stopped [Power Off]
2013/12/04 03:57:33.239 [ctdbp2:DLOGP3]:Idle state, without initialize
2013/12/04 04:00:12.181 [ctdbp2:DLOGP3]:Instrument Started [Power On]
2013/12/04 04:00:25.647 # 13.6160,  4.22868,  133.450,  35.6253, 1505.170, 04 Dec 2013 04:00:22,  26.7511, 11.4,   2.0
2013/12/04 04:00:35.641 # 13.6158,  4.22868,  133.437,  35.6254, 1505.169, 04 Dec 2013 04:00:32,  26.7512, 11.4,   2.2
2013/12/04 04:00:45.642 # 13.6164,  4.22871,  133.445,  35.6252, 1505.171, 04 Dec 2013 04:00:42,  26.7510, 11.4,   2.1
2013/12/04 04:00:55.642 # 13.6167,  4.22876,  133.450,  35.6254, 1505.172, 04 Dec 2013 04:00:52,  26.7511, 11.4,   2.3
2013/12/04 04:01:05.641 # 13.6163,  4.22872,  133.430,  35.6253, 1505.170, 04 Dec 2013 04:01:02,  26.7511, 11.5,   2.2
2013/12/04 04:01:15.642 # 13.6163,  4.22872,  133.427,  35.6254, 1505.170, 04 Dec 2013 04:01:12,  26.7511, 11.5,   2.0
2013/12/04 04:01:25.641 # 13.6163,  4.22872,  133.439,  35.6253, 1505.171, 04 Dec 2013 04:01:22,  26.7511, 11.5,   2.1
2013/12/04 04:01:35.642 # 13.6162,  4.22872,  133.445,  35.6255, 1505.170, 04 Dec 2013 04:01:32,  26.7512, 11.5,   2.5
2013/12/04 04:01:45.654 # 13.6165,  4.22871,  133.427,  35.6252, 1505.171, 04 Dec 2013 04:01:42,  26.7510, 11.5,   2.2
2013/12/04 04:01:55.641 # 13.6161,  4.22868,  133.438,  35.6251, 1505.170, 04 Dec 2013 04:01:52,  26.7510, 11.5,   2.4
2013/12/04 04:02:05.640 # 13.6158,  4.22866,  133.442,  35.6253, 1505.169, 04 Dec 2013 04:02:02,  26.7512, 11.5,   2.0
2013/12/04 04:02:15.642 # 13.6156,  4.22865,  133.435,  35.6253, 1505.168, 04 Dec 2013 04:02:12,  26.7512, 11.5,   1.9
2013/12/04 04:02:25.642 # 13.6156,  4.22863,  133.431,  35.6252, 1505.168, 04 Dec 2013 04:02:22,  26.7512, 11.5,   2.2
2013/12/04 04:02:35.652 # 13.6152,  4.22862,  133.441,  35.6255, 1505.167, 04 Dec 2013 04:02:32,  26.7515, 11.5,   3.4
2013/12/04 04:02:45.641 # 13.6152,  4.22858,  133.427,  35.6251, 1505.166, 04 Dec 2013 04:02:42,  26.7512, 11.5,   2.3
2013/12/04 04:02:55.641 # 13.6148,  4.22857,  133.435,  35.6253, 1505.166, 04 Dec 2013 04:02:52,  26.7513, 11.5,   2.2
2013/12/04 04:03:05.642 # 13.6149,  4.22856,  133.435,  35.6252, 1505.166, 04 Dec 2013 04:03:02,  26.7512, 11.5,   2.2
2013/12/04 04:03:15.645 # 13.6148,  4.22855,  133.432,  35.6252, 1505.165, 04 Dec 2013 04:03:12,  26.7513, 11.5,   1.9
2013/12/04 04:03:25.642 # 13.6143,  4.22852,  133.431,  35.6253, 1505.164, 04 Dec 2013 04:03:22,  26.7515, 11.5,   2.3
2013/12/04 04:03:35.651 # 13.6143,  4.22851,  133.425,  35.6252, 1505.164, 04 Dec 2013 04:03:32,  26.7515, 11.5,   2.0
2013/12/04 04:03:45.641 # 13.6146,  4.22851,  133.429,  35.6250, 1505.164, 04 Dec 2013 04:03:42,  26.7512, 11.5,   2.1
2013/12/04 04:03:55.647 # 13.6143,  4.22850,  133.429,  35.6252, 1505.164, 04 Dec 2013 04:03:52,  26.7515, 11.5,   2.1
2013/12/04 04:04:05.642 # 13.6146,  4.22853,  133.442,  35.6252, 1505.165, 04 Dec 2013 04:04:02,  26.7513, 11.5,   2.3
2013/12/04 04:04:15.641 # 13.6150,  4.22855,  133.429,  35.6250, 1505.166, 04 Dec 2013 04:04:12,  26.7511, 11.5,   2.2
2013/12/04 04:04:25.643 # 13.6150,  4.22856,  133.430,  35.6250, 1505.166, 04 Dec 2013 04:04:22,  26.7511, 11.5,   2.2
2013/12/04 04:04:35.642 # 13.6148,  4.22854,  133.431,  35.6251, 1505.165, 04 Dec 2013 04:04:32,  26.7512, 11.5,   2.5
2013/12/04 04:04:45.642 # 13.6144,  4.22853,  133.429,  35.6254, 1505.164, 04 Dec 2013 04:04:42,  26.7515, 11.5,   2.0
2013/12/04 04:04:55.642 # 13.6143,  4.22850,  133.419,  35.6251, 1505.163, 04 Dec 2013 04:04:52,  26.7513, 11.5,   2.1
2013/12/04 04:05:05.685 # 13.6140,  4.22846,  133.432,  35.6251, 1505.163, 04 Dec 2013 04:05:02,  26.7513, 11.5,   2.5
2013/12/04 04:05:15.641 # 13.6136,  4.22845,  133.437,  35.6253, 1505.162, 04 Dec 2013 04:05:12,  26.7517, 11.5,   2.5
2013/12/04 04:05:25.641 # 13.6140,  4.22845,  133.432,  35.6250, 1505.162, 04 Dec 2013 04:05:22,  26.7513, 11.5,   2.3
2013/12/04 04:05:35.641 # 13.6133,  4.22841,  133.427,  35.6252, 1505.160, 04 Dec 2013 04:05:32,  26.7516, 11.5,   1.9
2013/12/04 04:05:45.641 # 13.6127,  4.22834,  133.434,  35.6252, 1505.158, 04 Dec 2013 04:05:42,  26.7517, 11.5,   2.2
2013/12/04 04:05:55.688 # 13.6125,  4.22834,  133.426,  35.6253, 1505.158, 04 Dec 2013 04:05:52,  26.7518, 11.5,   2.0
2013/12/04 04:06:12.209 [ctdbp2:DLOGP3]:Instrument Stopped [Power Off]
2013/12/04 04:57:32.446 [ctdbp2:DLOGP3]:Idle state, without initialize
2013/12/04 05:00:13.229 [ctdbp2:DLOGP3]:Instrument Started [Power On]
2013/12/04 05:00:26.648 # 13.6233,  4.22944,  133.205,  35.6257, 1505.190, 04 Dec 2013 05:00:23,  26.7500, 11.4,   2.0
2013/12/04 05:00:36.642 # 13.6236,  4.22946,  133.199,  35.6257, 1505.191, 04 Dec 2013 05:00:33,  26.7499, 11.4,   2.1
2013/12/04 05:00:46.642 # 13.6241,  4.22955,  133.214,  35.6260, 1505.193, 04 Dec 2013 05:00:43,  26.7500, 11.4,   2.3
2013/12/04 05:00:56.641 # 13.6241,  4.22952,  133.206,  35.6258, 1505.193, 04 Dec 2013 05:00:53,  26.7499, 11.4,   3.2
2013/12/04 05:01:06.643 # 13.6242,  4.22954,  133.191,  35.6258, 1505.193, 04 Dec 2013 05:01:03,  26.7499, 11.5,   2.1
2013/12/04 05:01:16.642 # 13.6240,  4.22955,  133.202,  35.6261, 1505.193, 04 Dec 2013 05:01:13,  26.7501, 11.5,   2.1
2013/12/04 05:01:26.642 # 13.6238,  4.22953,  133.210,  35.6261, 1505.192, 04 Dec 2013 05:01:23,  26.7501, 11.5,   2.2
2013/12/04 05:01:36.641 # 13.6239,  4.22951,  133.191,  35.6258, 1505.192, 04 Dec 2013 05:01:33,  26.7499, 11.5,   2.0
2013/12/04 05:01:46.642 # 13.6236,  4.22951,  133.211,  35.6262, 1505.192, 04 Dec 2013 05:01:43,  26.7502, 11.5,   2.5
2013/12/04 05:01:56.642 # 13.6236,  4.22950,  133.211,  35.6260, 1505.192, 04 Dec 2013 05:01:53,  26.7501, 11.5,   2.0
2013/12/04 05:02:06.641 # 13.6237,  4.22949,  133.180,  35.6259, 1505.191, 04 Dec 2013 05:02:03,  26.7500, 11.5,   2.1
2013/12/04 05:02:16.641 # 13.6237,  4.22950,  133.195,  35.6259, 1505.191, 04 Dec 2013 05:02:13,  26.7500, 11.5,   2.2
2013/12/04 05:02:26.652 # 13.6235,  4.22949,  133.201,  35.6260, 1505.191, 04 Dec 2013 05:02:23,  26.7501, 11.5,   2.1
2013/12/04 05:02:36.642 # 13.6234,  4.22950,  133.210,  35.6261, 1505.191, 04 Dec 2013 05:02:33,  26.7502, 11.5,   2.0
2013/12/04 05:02:46.651 # 13.6235,  4.22948,  133.213,  35.6260, 1505.191, 04 Dec 2013 05:02:43,  26.7501, 11.5,   1.8
2013/12/04 05:02:56.641 # 13.6231,  4.22948,  133.202,  35.6262, 1505.190, 04 Dec 2013 05:02:53,  26.7504, 11.5,   1.9
2013/12/04 05:03:06.641 # 13.6234,  4.22947,  133.192,  35.6259, 1505.190, 04 Dec 2013 05:03:03,  26.7501, 11.5,   2.0
2013/12/04 05:03:16.641 # 13.6233,  4.22946,  133.193,  35.6259, 1505.190, 04 Dec 2013 05:03:13,  26.7501, 11.5,   3.5
2013/12/04 05:03:26.641 # 13.6231,  4.22943,  133.198,  35.6258, 1505.189, 04 Dec 2013 05:03:23,  26.7500, 11.5,   2.7
2013/12/04 05:03:36.642 # 13.6230,  4.22942,  133.190,  35.6258, 1505.189, 04 Dec 2013 05:03:33,  26.7501, 11.5,   2.2
2013/12/04 05:03:46.643 # 13.6230,  4.22941,  133.196,  35.6258, 1505.189, 04 Dec 2013 05:03:43,  26.7501, 11.5,   2.0
2013/12/04 05:03:56.643 # 13.6229,  4.22941,  133.203,  35.6259, 1505.189, 04 Dec 2013 05:03:53,  26.7501, 11.5,   2.0
2013/12/04 05:04:06.644 # 13.6227,  4.22941,  133.195,  35.6260, 1505.188, 04 Dec 2013 05:04:03,  26.7504, 11.5,   2.1
2013/12/04 05:04:16.643 # 13.6231,  4.22943,  133.197,  35.6258, 1505.189, 04 Dec 2013 05:04:13,  26.7500, 11.5,   2.1
2013/12/04 05:04:26.640 # 13.6228,  4.22942,  133.192,  35.6260, 1505.188, 04 Dec 2013 05:04:23,  26.7502, 11.5,   2.2
2013/12/04 05:04:36.642 # 13.6230,  4.22942,  133.199,  35.6258, 1505.189, 04 Dec 2013 05:04:33,  26.7501, 11.5,   2.4
2013/12/04 05:04:46.641 # 13.6230,  4.22941,  133.185,  35.6257, 1505.189, 04 Dec 2013 05:04:43,  26.7500, 11.5,   2.2
2013/12/04 05:04:56.643 # 13.6228,  4.22942,  133.192,  35.6260, 1505.188, 04 Dec 2013 05:04:53,  26.7502, 11.5,   2.1
2013/12/04 05:05:06.642 # 13.6230,  4.22943,  133.190,  35.6259, 1505.189, 04 Dec 2013 05:05:03,  26.7501, 11.5,   1.9
2013/12/04 05:05:16.641 # 13.6230,  4.22943,  133.176,  35.6259, 1505.189, 04 Dec 2013 05:05:13,  26.7502, 11.5,   2.2
2013/12/04 05:05:26.641 # 13.6234,  4.22944,  133.200,  35.6257, 1505.190, 04 Dec 2013 05:05:23,  26.7499, 11.5,   1.9
2013/12/04 05:05:36.642 # 13.6234,  4.22947,  133.199,  35.6259, 1505.191, 04 Dec 2013 05:05:33,  26.7501, 11.5,   2.4
2013/12/04 05:05:46.641 # 13.6232,  4.22944,  133.201,  35.6258, 1505.190, 04 Dec 2013 05:05:43,  26.7501, 11.5,   2.1
2013/12/04 05:05:56.641 # 13.6237,  4.22947,  133.189,  35.6257, 1505.191, 04 Dec 2013 05:05:53,  26.7499, 11.5,   2.7
2013/12/04 05:06:13.167 [ctdbp2:DLOGP3]:Instrument Stopped [Power Off]
2013/12/04 05:57:32.225 [ctdbp2:DLOGP3]:Idle state, without initialize
2013/12/04 06:00:12.922 [ctdbp2:DLOGP3]:Instrument Started [Power On]
2013/12/04 06:00:26.648 # 13.6492,  4.23234,  133.103,  35.6290, 1505.277, 04 Dec 2013 06:00:23,  26.7471, 11.4,   1.9
2013/12/04 06:00:36.642 # 13.6492,  4.23234,  133.106,  35.6290, 1505.277, 04 Dec 2013 06:00:33,  26.7471, 11.4,   2.2
2013/12/04 06:00:46.641 # 13.6504,  4.23245,  133.107,  35.6289, 1505.281, 04 Dec 2013 06:00:43,  26.7468, 11.4,   2.5
2013/12/04 06:00:56.642 # 13.6512,  4.23253,  133.094,  35.6289, 1505.283, 04 Dec 2013 06:00:53,  26.7466, 11.4,   2.3
2013/12/04 06:01:06.642 # 13.6504,  4.23248,  133.095,  35.6291, 1505.281, 04 Dec 2013 06:01:03,  26.7469, 11.5,   1.9
2013/12/04 06:01:16.643 # 13.6499,  4.23244,  133.101,  35.6292, 1505.279, 04 Dec 2013 06:01:13,  26.7471, 11.5,   2.4
2013/12/04 06:01:26.643 # 13.6495,  4.23239,  133.110,  35.6292, 1505.278, 04 Dec 2013 06:01:23,  26.7472, 11.5,   2.1
2013/12/04 06:01:36.641 # 13.6493,  4.23239,  133.096,  35.6293, 1505.277, 04 Dec 2013 06:01:33,  26.7473, 11.5,   2.1
2013/12/04 06:01:46.641 # 13.6494,  4.23239,  133.116,  35.6292, 1505.278, 04 Dec 2013 06:01:43,  26.7472, 11.5,   2.2
2013/12/04 06:01:56.642 # 13.6494,  4.23238,  133.107,  35.6291, 1505.278, 04 Dec 2013 06:01:53,  26.7472, 11.5,   2.2
2013/12/04 06:02:06.641 # 13.6493,  4.23238,  133.113,  35.6292, 1505.277, 04 Dec 2013 06:02:03,  26.7473, 11.5,   3.0
2013/12/04 06:02:16.654 # 13.6494,  4.23237,  133.093,  35.6290, 1505.277, 04 Dec 2013 06:02:13,  26.7471, 11.5,   2.2
2013/12/04 06:02:26.643 # 13.6487,  4.23234,  133.108,  35.6294, 1505.276, 04 Dec 2013 06:02:23,  26.7476, 11.5,   2.0
2013/12/04 06:02:36.641 # 13.6488,  4.23231,  133.114,  35.6290, 1505.276, 04 Dec 2013 06:02:33,  26.7472, 11.5,   2.3
2013/12/04 06:02:46.642 # 13.6491,  4.23235,  133.108,  35.6292, 1505.277, 04 Dec 2013 06:02:43,  26.7473, 11.5,   2.1
2013/12/04 06:02:56.642 # 13.6495,  4.23239,  133.102,  35.6292, 1505.278, 04 Dec 2013 06:02:53,  26.7472, 11.5,   2.4
2013/12/04 06:03:06.642 # 13.6495,  4.23239,  133.098,  35.6291, 1505.278, 04 Dec 2013 06:03:03,  26.7472, 11.5,   2.2
2013/12/04 06:03:16.642 # 13.6493,  4.23239,  133.101,  35.6293, 1505.278, 04 Dec 2013 06:03:13,  26.7473, 11.5,   2.1
2013/12/04 06:03:26.641 # 13.6494,  4.23238,  133.101,  35.6291, 1505.278, 04 Dec 2013 06:03:23,  26.7472, 11.5,   2.1
2013/12/04 06:03:36.644 # 13.6493,  4.23236,  133.108,  35.6291, 1505.277, 04 Dec 2013 06:03:33,  26.7472, 11.5,   2.3
2013/12/04 06:03:46.642 # 13.6492,  4.23237,  133.119,  35.6293, 1505.277, 04 Dec 2013 06:03:43,  26.7473, 11.5,   2.2
2013/12/04 06:03:56.641 # 13.6494,  4.23238,  133.101,  35.6292, 1505.278, 04 Dec 2013 06:03:53,  26.7472, 11.5,   2.1
2013/12/04 06:04:06.642 # 13.6507,  4.23251,  133.101,  35.6292, 1505.282, 04 Dec 2013 06:04:03,  26.7469, 11.5,   1.9
2013/12/04 06:04:16.642 # 13.6505,  4.23249,  133.106,  35.6292, 1505.281, 04 Dec 2013 06:04:13,  26.7471, 11.5,   2.2
2013/12/04 06:04:26.641 # 13.6502,  4.23246,  133.109,  35.6292, 1505.280, 04 Dec 2013 06:04:23,  26.7471, 11.5,   2.0
2013/12/04 06:04:36.643 # 13.6498,  4.23244,  133.105,  35.6293, 1505.279, 04 Dec 2013 06:04:33,  26.7472, 11.5,   2.2
2013/12/04 06:04:46.642 # 13.6501,  4.23247,  133.094,  35.6294, 1505.280, 04 Dec 2013 06:04:43,  26.7472, 11.5,   1.9
2013/12/04 06:04:56.642 # 13.6499,  4.23244,  133.107,  35.6292, 1505.279, 04 Dec 2013 06:04:53,  26.7471, 11.5,   2.1
2013/12/04 06:05:06.641 # 13.6503,  4.23246,  133.113,  35.6291, 1505.281, 04 Dec 2013 06:05:03,  26.7469, 11.5,   2.1
2013/12/04 06:05:16.673 # 13.6503,  4.23250,  133.122,  35.6295, 1505.281, 04 Dec 2013 06:05:13,  26.7472, 11.5,   2.2
2013/12/04 06:05:26.641 # 13.6502,  4.23247,  133.106,  35.6293, 1505.280, 04 Dec 2013 06:05:23,  26.7471, 11.5,   2.2
2013/12/04 06:05:36.641 # 13.6500,  4.23246,  133.098,  35.6293, 1505.280, 04 Dec 2013 06:05:33,  26.7472, 11.5,   2.8
2013/12/04 06:05:46.644 # 13.6502,  4.23246,  133.119,  35.6292, 1505.280, 04 Dec 2013 06:05:43,  26.7471, 11.5,   2.4
2013/12/04 06:05:56.642 # 13.6503,  4.23247,  133.101,  35.6292, 1505.281, 04 Dec 2013 06:05:53,  26.7469, 11.5,   2.0
2013/12/04 06:06:13.183 [ctdbp2:DLOGP3]:Instrument Stopped [Power Off]
2013/12/04 06:57:32.248 [ctdbp2:DLOGP3]:Idle state, without initialize
2013/12/04 07:00:12.927 [ctdbp2:DLOGP3]:Instrument Started [Power On]
2013/12/04 07:00:26.649 # 13.6753,  4.23533,  133.133,  35.6328, 1505.367, 04 Dec 2013 07:00:23,  26.7446, 11.4,   2.3
2013/12/04 07:00:36.701 # 13.6770,  4.23552,  133.126,  35.6329, 1505.373, 04 Dec 2013 07:00:33,  26.7444, 11.4,   2.3
2013/12/04 07:00:46.643 # 13.6763,  4.23546,  133.135,  35.6331, 1505.371, 04 Dec 2013 07:00:43,  26.7446, 11.4,   2.3
2013/12/04 07:00:56.643 # 13.6760,  4.23544,  133.118,  35.6332, 1505.369, 04 Dec 2013 07:00:53,  26.7448, 11.4,   2.1
2013/12/04 07:01:06.644 # 13.6774,  4.23559,  133.142,  35.6332, 1505.375, 04 Dec 2013 07:01:03,  26.7445, 11.5,   2.1
2013/12/04 07:01:16.642 # 13.6780,  4.23563,  133.134,  35.6331, 1505.376, 04 Dec 2013 07:01:13,  26.7443, 11.5,   2.1
2013/12/04 07:01:26.643 # 13.6776,  4.23560,  133.125,  35.6331, 1505.375, 04 Dec 2013 07:01:23,  26.7444, 11.5,   2.3
2013/12/04 07:01:36.644 # 13.6781,  4.23566,  133.113,  35.6333, 1505.376, 04 Dec 2013 07:01:33,  26.7444, 11.5,   2.0
2013/12/04 07:01:46.644 # 13.6781,  4.23566,  133.130,  35.6334, 1505.377, 04 Dec 2013 07:01:43,  26.7445, 11.5,   2.2
2013/12/04 07:01:56.641 # 13.6779,  4.23566,  133.141,  35.6334, 1505.376, 04 Dec 2013 07:01:53,  26.7445, 11.5,   2.2
2013/12/04 07:02:06.654 # 13.6777,  4.23562,  133.123,  35.6333, 1505.375, 04 Dec 2013 07:02:03,  26.7445, 11.5,   2.2
2013/12/04 07:02:16.643 # 13.6769,  4.23554,  133.114,  35.6333, 1505.372, 04 Dec 2013 07:02:13,  26.7446, 11.5,   2.2
2013/12/04 07:02:26.643 # 13.6765,  4.23552,  133.125,  35.6334, 1505.372, 04 Dec 2013 07:02:23,  26.7448, 11.5,   2.2
2013/12/04 07:02:36.643 # 13.6768,  4.23552,  133.129,  35.6332, 1505.372, 04 Dec 2013 07:02:33,  26.7446, 11.5,   2.0
2013/12/04 07:02:46.642 # 13.6769,  4.23554,  133.140,  35.6332, 1505.373, 04 Dec 2013 07:02:43,  26.7446, 11.5,   2.1
2013/12/04 07:02:56.642 # 13.6768,  4.23554,  133.131,  35.6334, 1505.372, 04 Dec 2013 07:02:53,  26.7448, 11.5,   2.2
2013/12/04 07:03:06.643 # 13.6772,  4.23552,  133.136,  35.6329, 1505.373, 04 Dec 2013 07:03:03,  26.7443, 11.5,   3.0
2013/12/04 07:03:16.644 # 13.6766,  4.23550,  133.127,  35.6332, 1505.372, 04 Dec 2013 07:03:13,  26.7446, 11.5,   2.1
2013/12/04 07:03:26.643 # 13.6765,  4.23549,  133.131,  35.6332, 1505.371, 04 Dec 2013 07:03:23,  26.7446, 11.5,   3.0
2013/12/04 07:03:36.642 # 13.6766,  4.23547,  133.126,  35.6329, 1505.371, 04 Dec 2013 07:03:33,  26.7444, 11.5,   2.1
2013/12/04 07:03:46.643 # 13.6765,  4.23549,  133.140,  35.6332, 1505.371, 04 Dec 2013 07:03:43,  26.7446, 11.5,   2.3
2013/12/04 07:03:56.649 # 13.6764,  4.23548,  133.127,  35.6331, 1505.371, 04 Dec 2013 07:03:53,  26.7446, 11.5,   2.3
2013/12/04 07:04:06.642 # 13.6766,  4.23549,  133.132,  35.6331, 1505.372, 04 Dec 2013 07:04:03,  26.7445, 11.5,   2.2
2013/12/04 07:04:16.642 # 13.6764,  4.23549,  133.136,  35.6333, 1505.371, 04 Dec 2013 07:04:13,  26.7448, 11.5,   2.0
2013/12/04 07:04:26.643 # 13.6765,  4.23550,  133.146,  35.6333, 1505.371, 04 Dec 2013 07:04:23,  26.7448, 11.5,   3.3
2013/12/04 07:04:36.643 # 13.6770,  4.23555,  133.137,  35.6333, 1505.373, 04 Dec 2013 07:04:33,  26.7446, 11.5,   2.2
2013/12/04 07:04:46.642 # 13.6769,  4.23553,  133.143,  35.6332, 1505.373, 04 Dec 2013 07:04:43,  26.7446, 11.5,   2.4
2013/12/04 07:04:56.644 # 13.6771,  4.23555,  133.135,  35.6332, 1505.373, 04 Dec 2013 07:04:53,  26.7445, 11.5,   2.1
2013/12/04 07:05:06.642 # 13.6774,  4.23560,  133.130,  35.6334, 1505.374, 04 Dec 2013 07:05:03,  26.7446, 11.5,   2.1
2013/12/04 07:05:16.642 # 13.6778,  4.23564,  133.146,  35.6334, 1505.376, 04 Dec 2013 07:05:13,  26.7445, 11.5,   2.6
2013/12/04 07:05:26.643 # 13.6778,  4.23564,  133.131,  35.6334, 1505.376, 04 Dec 2013 07:05:23,  26.7445, 11.5,   2.2
2013/12/04 07:05:36.643 # 13.6781,  4.23567,  133.143,  35.6334, 1505.377, 04 Dec 2013 07:05:33,  26.7445, 11.5,   2.1
2013/12/04 07:05:46.643 # 13.6782,  4.23570,  133.138,  35.6336, 1505.377, 04 Dec 2013 07:05:43,  26.7446, 11.5,   2.1
2013/12/04 07:05:56.643 # 13.6787,  4.23573,  133.128,  35.6334, 1505.379, 04 Dec 2013 07:05:53,  26.7444, 11.5,   1.9
2013/12/04 07:06:13.155 [ctdbp2:DLOGP3]:Instrument Stopped [Power Off]
2013/12/04 07:57:31.845 [ctdbp2:DLOGP3]:Idle state, without initialize
2013/12/04 08:00:12.512 [ctdbp2:DLOGP3]:Instrument Started [Power On]
2013/12/04 08:00:25.648 # 13.7182,  4.24026,  133.274,  35.6391, 1505.517, 04 Dec 2013 08:00:22,  26.7406, 11.4,   1.8
2013/12/04 08:00:35.642 # 13.7184,  4.24029,  133.289,  35.6393, 1505.518, 04 Dec 2013 08:00:32,  26.7406, 11.4,   2.1
2013/12/04 08:00:45.643 # 13.7186,  4.24033,  133.301,  35.6394, 1505.519, 04 Dec 2013 08:00:42,  26.7407, 11.4,   2.2
2013/12/04 08:00:55.643 # 13.7184,  4.24029,  133.286,  35.6393, 1505.518, 04 Dec 2013 08:00:52,  26.7406, 11.4,   2.0
2013/12/04 08:01:05.643 # 13.7178,  4.24024,  133.288,  35.6393, 1505.516, 04 Dec 2013 08:01:02,  26.7407, 11.5,   1.9
2013/12/04 08:01:15.643 # 13.7169,  4.24017,  133.292,  35.6396, 1505.513, 04 Dec 2013 08:01:12,  26.7412, 11.5,   2.3
2013/12/04 08:01:25.643 # 13.7170,  4.24016,  133.308,  35.6394, 1505.514, 04 Dec 2013 08:01:22,  26.7410, 11.5,   2.3
2013/12/04 08:01:35.643 # 13.7164,  4.24010,  133.288,  35.6394, 1505.511, 04 Dec 2013 08:01:32,  26.7411, 11.5,   2.0
2013/12/04 08:01:45.643 # 13.7162,  4.24006,  133.291,  35.6391, 1505.511, 04 Dec 2013 08:01:42,  26.7410, 11.5,   2.3
2013/12/04 08:01:55.657 # 13.7159,  4.24001,  133.288,  35.6390, 1505.509, 04 Dec 2013 08:01:52,  26.7410, 11.5,   1.9
2013/12/04 08:02:05.643 # 13.7156,  4.24001,  133.285,  35.6393, 1505.509, 04 Dec 2013 08:02:02,  26.7412, 11.5,   2.1
2013/12/04 08:02:15.643 # 13.7158,  4.24000,  133.297,  35.6390, 1505.509, 04 Dec 2013 08:02:12,  26.7410, 11.5,   2.5
2013/12/04 08:02:25.642 # 13.7176,  4.24022,  133.308,  35.6394, 1505.515, 04 Dec 2013 08:02:22,  26.7408, 11.5,   2.0
2013/12/04 08:02:35.643 # 13.7183,  4.24027,  133.286,  35.6393, 1505.517, 04 Dec 2013 08:02:32,  26.7406, 11.5,   2.2
2013/12/04 08:02:45.643 # 13.7185,  4.24031,  133.293,  35.6394, 1505.518, 04 Dec 2013 08:02:42,  26.7407, 11.5,   2.1
2013/12/04 08:02:55.642 # 13.7192,  4.24040,  133.297,  35.6396, 1505.521, 04 Dec 2013 08:02:52,  26.7407, 11.5,   2.0
2013/12/04 08:03:05.643 # 13.7200,  4.24051,  133.304,  35.6399, 1505.524, 04 Dec 2013 08:03:02,  26.7407, 11.5,   2.6
2013/12/04 08:03:15.643 # 13.7214,  4.24065,  133.302,  35.6399, 1505.528, 04 Dec 2013 08:03:12,  26.7405, 11.5,   2.4
2013/12/04 08:03:25.642 # 13.7216,  4.24069,  133.307,  35.6400, 1505.530, 04 Dec 2013 08:03:22,  26.7405, 11.5,   2.1
2013/12/04 08:03:35.642 # 13.7218,  4.24071,  133.294,  35.6401, 1505.530, 04 Dec 2013 08:03:32,  26.7405, 11.5,   2.6
2013/12/04 08:03:45.643 # 13.7212,  4.24066,  133.300,  35.6402, 1505.528, 04 Dec 2013 08:03:42,  26.7407, 11.5,   3.8
2013/12/04 08:03:55.643 # 13.7213,  4.24068,  133.306,  35.6403, 1505.529, 04 Dec 2013 08:03:52,  26.7407, 11.5,   2.4
2013/12/04 08:04:05.642 # 13.7211,  4.24064,  133.310,  35.6400, 1505.528, 04 Dec 2013 08:04:02,  26.7406, 11.5,   2.3
2013/12/04 08:04:15.643 # 13.7208,  4.24062,  133.300,  35.6401, 1505.527, 04 Dec 2013 08:04:12,  26.7407, 11.5,   2.4
2013/12/04 08:04:25.642 # 13.7206,  4.24059,  133.299,  35.6401, 1505.526, 04 Dec 2013 08:04:22,  26.7407, 11.5,   2.9
2013/12/04 08:04:35.643 # 13.7206,  4.24059,  133.308,  35.6401, 1505.526, 04 Dec 2013 08:04:32,  26.7407, 11.5,   2.0
2013/12/04 08:04:45.642 # 13.7204,  4.24058,  133.313,  35.6401, 1505.526, 04 Dec 2013 08:04:42,  26.7408, 11.5,   2.0
2013/12/04 08:04:55.642 # 13.7210,  4.24064,  133.318,  35.6401, 1505.528, 04 Dec 2013 08:04:52,  26.7407, 11.5,   2.4
2013/12/04 08:05:05.642 # 13.7212,  4.24065,  133.315,  35.6400, 1505.528, 04 Dec 2013 08:05:02,  26.7406, 11.5,   2.0
2013/12/04 08:05:15.644 # 13.7208,  4.24062,  133.317,  35.6401, 1505.527, 04 Dec 2013 08:05:12,  26.7407, 11.5,   2.2
2013/12/04 08:05:25.643 # 13.7206,  4.24059,  133.308,  35.6401, 1505.526, 04 Dec 2013 08:05:22,  26.7408, 11.5,   2.1
2013/12/04 08:05:35.643 # 13.7207,  4.24060,  133.306,  35.6400, 1505.526, 04 Dec 2013 08:05:32,  26.7407, 11.5,   2.1
2013/12/04 08:05:45.643 # 13.7207,  4.24061,  133.316,  35.6401, 1505.527, 04 Dec 2013 08:05:42,  26.7407, 11.5,   2.3
2013/12/04 08:05:55.642 # 13.7206,  4.24058,  133.311,  35.6399, 1505.526, 04 Dec 2013 08:05:52,  26.7406, 11.5,   2.0
2013/12/04 08:06:12.151 [ctdbp2:DLOGP3]:Instrument Stopped [Power Off]
2013/12/04 08:57:33.537 [ctdbp2:DLOGP3]:Idle state, without initialize
2013/12/04 09:00:12.238 [ctdbp2:DLOGP3]:Instrument Started [Power On]
2013/12/04 09:00:25.649 # 13.7916,  4.24912,  133.582,  35.6540, 1505.778, 04 Dec 2013 09:00:22,  26.7367, 11.4,   1.8
2013/12/04 09:00:35.643 # 13.7917,  4.24911,  133.591,  35.6538, 1505.779, 04 Dec 2013 09:00:32,  26.7366, 11.4,   2.4
2013/12/04 09:00:45.643 # 13.7926,  4.24920,  133.587,  35.6539, 1505.781, 04 Dec 2013 09:00:42,  26.7364, 11.4,   2.1
2013/12/04 09:00:55.643 # 13.7959,  4.24956,  133.592,  35.6542, 1505.793, 04 Dec 2013 09:00:52,  26.7360, 11.4,   2.0
2013/12/04 09:01:05.642 # 13.7971,  4.24971,  133.599,  35.6544, 1505.797, 04 Dec 2013 09:01:02,  26.7358, 11.5,   2.1
2013/12/04 09:01:15.643 # 13.7968,  4.24970,  133.589,  35.6546, 1505.796, 04 Dec 2013 09:01:12,  26.7360, 11.5,   2.0
2013/12/04 09:01:25.645 # 13.7950,  4.24949,  133.588,  35.6543, 1505.790, 04 Dec 2013 09:01:22,  26.7362, 11.5,   2.3
2013/12/04 09:01:35.644 # 13.7933,  4.24935,  133.578,  35.6546, 1505.785, 04 Dec 2013 09:01:32,  26.7367, 11.5,   2.1
2013/12/04 09:01:45.656 # 13.7929,  4.24929,  133.587,  35.6544, 1505.783, 04 Dec 2013 09:01:42,  26.7367, 11.5,   2.2
2013/12/04 09:01:55.643 # 13.7932,  4.24930,  133.593,  35.6542, 1505.784, 04 Dec 2013 09:01:52,  26.7366, 11.5,   2.0
2013/12/04 09:02:05.643 # 13.7936,  4.24934,  133.600,  35.6543, 1505.785, 04 Dec 2013 09:02:02,  26.7364, 11.5,   2.4
2013/12/04 09:02:15.642 # 13.7935,  4.24933,  133.601,  35.6543, 1505.785, 04 Dec 2013 09:02:12,  26.7364, 11.5,   2.3
2013/12/04 09:02:25.644 # 13.7933,  4.24933,  133.605,  35.6543, 1505.785, 04 Dec 2013 09:02:22,  26.7366, 11.5,   2.0
2013/12/04 09:02:35.644 # 13.7935,  4.24933,  133.602,  35.6542, 1505.785, 04 Dec 2013 09:02:32,  26.7364, 11.5,   2.0
2013/12/04 09:02:45.644 # 13.7933,  4.24933,  133.613,  35.6544, 1505.785, 04 Dec 2013 09:02:42,  26.7367, 11.5,   2.2
2013/12/04 09:02:55.643 # 13.7928,  4.24926,  133.593,  35.6543, 1505.783, 04 Dec 2013 09:02:52,  26.7366, 11.5,   2.1
2013/12/04 09:03:05.643 # 13.7932,  4.24932,  133.591,  35.6544, 1505.784, 04 Dec 2013 09:03:02,  26.7367, 11.5,   2.1
2013/12/04 09:03:15.644 # 13.7930,  4.24931,  133.603,  35.6544, 1505.784, 04 Dec 2013 09:03:12,  26.7367, 11.5,   2.1
2013/12/04 09:03:25.644 # 13.7932,  4.24931,  133.608,  35.6542, 1505.784, 04 Dec 2013 09:03:22,  26.7364, 11.5,   2.0
2013/12/04 09:03:35.644 # 13.7926,  4.24925,  133.611,  35.6543, 1505.782, 04 Dec 2013 09:03:32,  26.7367, 11.5,   2.4
2013/12/04 09:03:45.643 # 13.7929,  4.24926,  133.615,  35.6541, 1505.783, 04 Dec 2013 09:03:42,  26.7364, 11.5,   2.1
2013/12/04 09:03:55.644 # 13.7929,  4.24930,  133.615,  35.6545, 1505.784, 04 Dec 2013 09:03:52,  26.7367, 11.5,   2.1
2013/12/04 09:04:05.644 # 13.7939,  4.24939,  133.615,  35.6545, 1505.787, 04 Dec 2013 09:04:02,  26.7366, 11.5,   2.0
2013/12/04 09:04:15.642 # 13.7929,  4.24929,  133.601,  35.6543, 1505.783, 04 Dec 2013 09:04:12,  26.7367, 11.5,   2.1
2013/12/04 09:04:25.644 # 13.7932,  4.24934,  133.607,  35.6546, 1505.785, 04 Dec 2013 09:04:22,  26.7368, 11.5,   2.0
2013/12/04 09:04:35.643 # 13.7928,  4.24930,  133.613,  35.6546, 1505.783, 04 Dec 2013 09:04:32,  26.7368, 11.5,   2.1
2013/12/04 09:04:45.643 # 13.7926,  4.24926,  133.615,  35.6544, 1505.782, 04 Dec 2013 09:04:42,  26.7368, 11.5,   2.4
2013/12/04 09:04:55.645 # 13.7924,  4.24922,  133.605,  35.6542, 1505.782, 04 Dec 2013 09:04:52,  26.7367, 11.5,   2.3
2013/12/04 09:05:05.644 # 13.7924,  4.24925,  133.623,  35.6545, 1505.782, 04 Dec 2013 09:05:02,  26.7368, 11.5,   2.3
2013/12/04 09:05:15.644 # 13.7932,  4.24928,  133.625,  35.6540, 1505.784, 04 Dec 2013 09:05:12,  26.7363, 11.5,   2.4
2013/12/04 09:05:25.644 # 13.7959,  4.24965,  133.611,  35.6550, 1505.794, 04 Dec 2013 09:05:22,  26.7366, 11.5,   2.0
2013/12/04 09:05:35.644 # 13.7988,  4.24990,  133.612,  35.6546, 1505.803, 04 Dec 2013 09:05:32,  26.7356, 11.5,   2.1
2013/12/04 09:05:45.643 # 13.7986,  4.24992,  133.624,  35.6549, 1505.803, 04 Dec 2013 09:05:42,  26.7360, 11.5,   2.6
2013/12/04 09:05:55.644 # 13.7964,  4.24968,  133.612,  35.6548, 1505.795, 04 Dec 2013 09:05:52,  26.7363, 11.5,   2.3
2013/12/04 09:06:12.158 [ctdbp2:DLOGP3]:Instrument Stopped [Power Off]
2013/12/04 09:57:32.257 [ctdbp2:DLOGP3]:Idle state, without initialize
2013/12/04 10:00:11.007 [ctdbp2:DLOGP3]:Instrument Started [Power On]
2013/12/04 10:00:24.651 # 13.8725,  4.25863,  133.939,  35.6679, 1506.064, 04 Dec 2013 10:00:21,  26.7303, 11.4,   2.0
2013/12/04 10:00:34.655 # 13.8751,  4.25889,  133.950,  35.6679, 1506.072, 04 Dec 2013 10:00:31,  26.7299, 11.4,   2.0
2013/12/04 10:00:44.646 # 13.8744,  4.25884,  133.956,  35.6680, 1506.070, 04 Dec 2013 10:00:41,  26.7301, 11.4,   2.4
2013/12/04 10:00:54.644 # 13.8756,  4.25898,  133.943,  35.6683, 1506.074, 04 Dec 2013 10:00:51,  26.7301, 11.4,   2.3
2013/12/04 10:01:04.645 # 13.8766,  4.25910,  133.951,  35.6685, 1506.078, 04 Dec 2013 10:01:01,  26.7300, 11.4,   1.9
2013/12/04 10:01:14.645 # 13.8823,  4.25973,  133.947,  35.6690, 1506.097, 04 Dec 2013 10:01:11,  26.7292, 11.5,   3.7
2013/12/04 10:01:24.645 # 13.8800,  4.25948,  133.953,  35.6689, 1506.089, 04 Dec 2013 10:01:21,  26.7296, 11.5,   1.9
2013/12/04 10:01:34.660 # 13.8798,  4.25945,  133.952,  35.6688, 1506.088, 04 Dec 2013 10:01:31,  26.7296, 11.5,   2.1
2013/12/04 10:01:44.643 # 13.8794,  4.25945,  133.947,  35.6692, 1506.087, 04 Dec 2013 10:01:41,  26.7300, 11.5,   2.2
2013/12/04 10:01:54.643 # 13.8837,  4.25990,  133.950,  35.6694, 1506.102, 04 Dec 2013 10:01:51,  26.7292, 11.5,   2.2
2013/12/04 10:02:04.644 # 13.8848,  4.26002,  133.958,  35.6695, 1506.106, 04 Dec 2013 10:02:01,  26.7291, 11.5,   2.4
2013/12/04 10:02:14.644 # 13.8840,  4.25996,  133.962,  35.6696, 1506.103, 04 Dec 2013 10:02:11,  26.7294, 11.5,   2.2
2013/12/04 10:02:24.643 # 13.8822,  4.25979,  133.950,  35.6697, 1506.098, 04 Dec 2013 10:02:21,  26.7297, 11.5,   2.6
2013/12/04 10:02:34.644 # 13.8806,  4.25962,  133.955,  35.6696, 1506.092, 04 Dec 2013 10:02:31,  26.7301, 11.5,   2.1
2013/12/04 10:02:44.643 # 13.8803,  4.25957,  133.954,  35.6695, 1506.091, 04 Dec 2013 10:02:41,  26.7300, 11.5,   1.9
2013/12/04 10:02:54.644 # 13.8810,  4.25965,  133.940,  35.6695, 1506.093, 04 Dec 2013 10:02:51,  26.7299, 11.5,   2.1
2013/12/04 10:03:04.643 # 13.8834,  4.25990,  133.959,  35.6696, 1506.101, 04 Dec 2013 10:03:01,  26.7295, 11.5,   2.3
2013/12/04 10:03:14.643 # 13.8827,  4.25983,  133.967,  35.6696, 1506.099, 04 Dec 2013 10:03:11,  26.7296, 11.5,   2.1
2013/12/04 10:03:24.644 # 13.8812,  4.25966,  133.966,  35.6694, 1506.094, 04 Dec 2013 10:03:21,  26.7297, 11.5,   2.2
2013/12/04 10:03:34.644 # 13.8801,  4.25957,  133.967,  35.6696, 1506.091, 04 Dec 2013 10:03:31,  26.7301, 11.5,   2.1
2013/12/04 10:03:44.643 # 13.8783,  4.25937,  133.970,  35.6694, 1506.085, 04 Dec 2013 10:03:41,  26.7303, 11.5,   1.9
2013/12/04 10:03:54.644 # 13.8791,  4.25943,  133.961,  35.6692, 1506.087, 04 Dec 2013 10:03:51,  26.7301, 11.5,   2.1
2013/12/04 10:04:04.642 # 13.8787,  4.25939,  133.957,  35.6692, 1506.085, 04 Dec 2013 10:04:01,  26.7301, 11.5,   2.2
2013/12/04 10:04:14.643 # 13.8805,  4.25960,  133.969,  35.6695, 1506.092, 04 Dec 2013 10:04:11,  26.7300, 11.5,   2.3
2013/12/04 10:04:24.643 # 13.8832,  4.25985,  133.976,  35.6694, 1506.101, 04 Dec 2013 10:04:21,  26.7292, 11.5,   2.0
2013/12/04 10:04:34.644 # 13.8838,  4.25994,  133.983,  35.6696, 1506.103, 04 Dec 2013 10:04:31,  26.7294, 11.5,   2.4
2013/12/04 10:04:44.643 # 13.8835,  4.25992,  133.976,  35.6697, 1506.102, 04 Dec 2013 10:04:41,  26.7295, 11.5,   2.0
2013/12/04 10:04:54.644 # 13.8821,  4.25977,  133.989,  35.6696, 1506.098, 04 Dec 2013 10:04:51,  26.7297, 11.5,   2.0
2013/12/04 10:05:04.642 # 13.8820,  4.25976,  133.977,  35.6696, 1506.097, 04 Dec 2013 10:05:01,  26.7297, 11.5,   1.9
2013/12/04 10:05:14.643 # 13.8814,  4.25969,  133.982,  35.6695, 1506.095, 04 Dec 2013 10:05:11,  26.7297, 11.5,   2.3
2013/12/04 10:05:24.643 # 13.8809,  4.25965,  133.978,  35.6696, 1506.093, 04 Dec 2013 10:05:21,  26.7300, 11.5,   2.4
2013/12/04 10:05:34.644 # 13.8822,  4.25977,  133.988,  35.6695, 1506.098, 04 Dec 2013 10:05:31,  26.7296, 11.5,   1.9
2013/12/04 10:05:44.645 # 13.8841,  4.25997,  133.983,  35.6697, 1506.104, 04 Dec 2013 10:05:41,  26.7294, 11.5,   2.2
2013/12/04 10:05:54.644 # 13.8834,  4.25991,  133.990,  35.6697, 1506.102, 04 Dec 2013 10:05:51,  26.7295, 11.5,   1.9
2013/12/04 10:06:11.159 [ctdbp2:DLOGP3]:Instrument Stopped [Power Off]
2013/12/04 10:57:31.922 [ctdbp2:DLOGP3]:Idle state, without initialize
2013/12/04 11:00:12.491 [ctdbp2:DLOGP3]:Instrument Started [Power On]
2013/12/04 11:00:25.650 # 13.8943,  4.26127,  134.294,  35.6722, 1506.145, 04 Dec 2013 11:00:22,  26.7291, 11.4,   2.3
2013/12/04 11:00:35.643 # 13.8948,  4.26134,  134.307,  35.6724, 1506.147, 04 Dec 2013 11:00:32,  26.7291, 11.4,   2.0
2013/12/04 11:00:45.643 # 13.8929,  4.26119,  134.286,  35.6727, 1506.141, 04 Dec 2013 11:00:42,  26.7299, 11.4,   3.3
2013/12/04 11:00:55.644 # 13.8929,  4.26118,  134.290,  35.6726, 1506.141, 04 Dec 2013 11:00:52,  26.7297, 11.4,   1.9
2013/12/04 11:01:05.643 # 13.8937,  4.26126,  134.298,  35.6726, 1506.144, 04 Dec 2013 11:01:02,  26.7296, 11.5,   2.0
2013/12/04 11:01:15.644 # 13.8928,  4.26116,  134.295,  35.6726, 1506.141, 04 Dec 2013 11:01:12,  26.7297, 11.5,   1.9
2013/12/04 11:01:25.655 # 13.8926,  4.26114,  134.291,  35.6726, 1506.140, 04 Dec 2013 11:01:22,  26.7299, 11.5,   2.1
2013/12/04 11:01:35.643 # 13.8924,  4.26112,  134.307,  35.6725, 1506.140, 04 Dec 2013 11:01:32,  26.7299, 11.5,   2.0
2013/12/04 11:01:45.643 # 13.8930,  4.26118,  134.298,  35.6726, 1506.142, 04 Dec 2013 11:01:42,  26.7297, 11.5,   2.5
2013/12/04 11:01:55.645 # 13.8939,  4.26126,  134.309,  35.6725, 1506.145, 04 Dec 2013 11:01:52,  26.7295, 11.5,   2.2
2013/12/04 11:02:05.644 # 13.8931,  4.26119,  134.307,  35.6726, 1506.142, 04 Dec 2013 11:02:02,  26.7297, 11.5,   1.9
2013/12/04 11:02:15.643 # 13.8941,  4.26132,  134.304,  35.6728, 1506.145, 04 Dec 2013 11:02:12,  26.7296, 11.5,   2.0
2013/12/04 11:02:25.643 # 13.8939,  4.26128,  134.297,  35.6727, 1506.145, 04 Dec 2013 11:02:22,  26.7296, 11.5,   2.0
2013/12/04 11:02:35.643 # 13.8974,  4.26164,  134.308,  35.6728, 1506.156, 04 Dec 2013 11:02:32,  26.7289, 11.5,   2.1
2013/12/04 11:02:45.644 # 13.8972,  4.26162,  134.299,  35.6728, 1506.155, 04 Dec 2013 11:02:42,  26.7290, 11.5,   2.2
2013/12/04 11:02:55.643 # 13.8956,  4.26148,  134.298,  35.6729, 1506.151, 04 Dec 2013 11:02:52,  26.7294, 11.5,   2.2
2013/12/04 11:03:05.644 # 13.8950,  4.26142,  134.304,  35.6730, 1506.148, 04 Dec 2013 11:03:02,  26.7296, 11.5,   2.1
2013/12/04 11:03:15.644 # 13.8945,  4.26137,  134.313,  35.6729, 1506.147, 04 Dec 2013 11:03:12,  26.7297, 11.5,   2.3
2013/12/04 11:03:25.644 # 13.8939,  4.26129,  134.302,  35.6727, 1506.145, 04 Dec 2013 11:03:22,  26.7296, 11.5,   2.4
2013/12/04 11:03:35.644 # 13.8950,  4.26141,  134.324,  35.6729, 1506.149, 04 Dec 2013 11:03:32,  26.7296, 11.5,   2.2
2013/12/04 11:03:45.644 # 13.8948,  4.26140,  134.305,  35.6729, 1506.148, 04 Dec 2013 11:03:42,  26.7296, 11.5,   2.3
2013/12/04 11:03:55.644 # 13.8945,  4.26134,  134.303,  35.6727, 1506.146, 04 Dec 2013 11:03:52,  26.7295, 11.5,   1.9
2013/12/04 11:04:05.645 # 13.8948,  4.26140,  134.318,  35.6729, 1506.148, 04 Dec 2013 11:04:02,  26.7296, 11.5,   2.2
2013/12/04 11:04:15.644 # 13.8945,  4.26137,  134.323,  35.6730, 1506.147, 04 Dec 2013 11:04:12,  26.7297, 11.5,   2.2
2013/12/04 11:04:25.643 # 13.8955,  4.26147,  134.309,  35.6729, 1506.150, 04 Dec 2013 11:04:22,  26.7294, 11.5,   2.6
2013/12/04 11:04:35.643 # 13.8954,  4.26144,  134.326,  35.6728, 1506.150, 04 Dec 2013 11:04:32,  26.7294, 11.5,   2.2
2013/12/04 11:04:45.645 # 13.8948,  4.26140,  134.328,  35.6729, 1506.148, 04 Dec 2013 11:04:42,  26.7296, 11.5,   2.3
2013/12/04 11:04:55.643 # 13.8943,  4.26134,  134.316,  35.6728, 1506.146, 04 Dec 2013 11:04:52,  26.7296, 11.5,   2.2
2013/12/04 11:05:05.643 # 13.8949,  4.26141,  134.298,  35.6730, 1506.148, 04 Dec 2013 11:05:02,  26.7296, 11.5,   2.3
2013/12/04 11:05:15.644 # 13.8945,  4.26136,  134.325,  35.6728, 1506.147, 04 Dec 2013 11:05:12,  26.7296, 11.5,   2.1
2013/12/04 11:05:25.643 # 13.8945,  4.26135,  134.317,  35.6728, 1506.147, 04 Dec 2013 11:05:22,  26.7295, 11.5,   2.2
2013/12/04 11:05:35.644 # 13.8943,  4.26132,  134.318,  35.6727, 1506.146, 04 Dec 2013 11:05:32,  26.7296, 11.5,   1.9
2013/12/04 11:05:45.644 # 13.8936,  4.26128,  134.318,  35.6729, 1506.144, 04 Dec 2013 11:05:42,  26.7299, 11.5,   2.0
2013/12/04 11:05:55.644 # 13.8937,  4.26128,  134.337,  35.6729, 1506.145, 04 Dec 2013 11:05:52,  26.7299, 11.5,   2.2
2013/12/04 11:06:12.153 [ctdbp2:DLOGP3]:Instrument Stopped [Power Off]
2013/12/04 11:57:29.960 [ctdbp2:DLOGP3]:Idle state, without initialize
2013/12/04 12:00:13.400 [ctdbp2:DLOGP3]:Instrument Started [Power On]
2013/12/04 12:00:26.610 # 13.8630,  4.25763,  134.513,  35.6672, 1506.041, 04 Dec 2013 12:00:23,  26.7318, 11.4,   2.1
2013/12/04 12:00:36.605 # 13.8636,  4.25769,  134.512,  35.6671, 1506.043, 04 Dec 2013 12:00:33,  26.7317, 11.4,   2.1
2013/12/04 12:00:46.605 # 13.8636,  4.25771,  134.496,  35.6673, 1506.043, 04 Dec 2013 12:00:43,  26.7319, 11.4,   2.0
2013/12/04 12:00:56.604 # 13.8640,  4.25775,  134.511,  35.6673, 1506.045, 04 Dec 2013 12:00:53,  26.7317, 11.4,   1.8
2013/12/04 12:01:06.605 # 13.8642,  4.25779,  134.514,  35.6674, 1506.046, 04 Dec 2013 12:01:03,  26.7318, 11.5,   3.0
2013/12/04 12:01:16.605 # 13.8588,  4.25717,  134.520,  35.6666, 1506.027, 04 Dec 2013 12:01:13,  26.7323, 11.5,   2.1
2013/12/04 12:01:26.617 # 13.8575,  4.25698,  134.513,  35.6660, 1506.022, 04 Dec 2013 12:01:23,  26.7322, 11.5,   2.2
2013/12/04 12:01:36.607 # 13.8601,  4.25726,  134.512,  35.6663, 1506.031, 04 Dec 2013 12:01:33,  26.7318, 11.5,   2.8
2013/12/04 12:01:46.609 # 13.8599,  4.25723,  134.512,  35.6662, 1506.030, 04 Dec 2013 12:01:43,  26.7317, 11.5,   2.2
2013/12/04 12:01:56.608 # 13.8597,  4.25720,  134.500,  35.6661, 1506.029, 04 Dec 2013 12:01:53,  26.7317, 11.5,   2.2
2013/12/04 12:02:06.608 # 13.8571,  4.25687,  134.501,  35.6654, 1506.020, 04 Dec 2013 12:02:03,  26.7317, 11.5,   2.7
2013/12/04 12:02:16.611 # 13.8590,  4.25712,  134.504,  35.6660, 1506.027, 04 Dec 2013 12:02:13,  26.7318, 11.5,   2.2
2013/12/04 12:02:26.612 # 13.8606,  4.25730,  134.513,  35.6662, 1506.032, 04 Dec 2013 12:02:23,  26.7317, 11.5,   2.5
2013/12/04 12:02:36.613 # 13.8581,  4.25702,  134.511,  35.6659, 1506.024, 04 Dec 2013 12:02:33,  26.7319, 11.5,   2.0
2013/12/04 12:02:46.613 # 13.8597,  4.25718,  134.521,  35.6659, 1506.029, 04 Dec 2013 12:02:43,  26.7316, 11.5,   2.3
2013/12/04 12:02:56.614 # 13.8604,  4.25730,  134.509,  35.6663, 1506.032, 04 Dec 2013 12:02:53,  26.7318, 11.5,   2.1
2013/12/04 12:03:06.614 # 13.8606,  4.25730,  134.509,  35.6662, 1506.032, 04 Dec 2013 12:03:03,  26.7317, 11.5,   2.1
2013/12/04 12:03:16.616 # 13.8605,  4.25729,  134.505,  35.6662, 1506.032, 04 Dec 2013 12:03:13,  26.7317, 11.5,   2.2
2013/12/04 12:03:26.618 # 13.8604,  4.25730,  134.507,  35.6664, 1506.032, 04 Dec 2013 12:03:23,  26.7318, 11.5,   3.2
2013/12/04 12:03:36.620 # 13.8580,  4.25705,  134.505,  35.6663, 1506.024, 04 Dec 2013 12:03:33,  26.7323, 11.5,   2.1
2013/12/04 12:03:46.620 # 13.8515,  4.25627,  134.510,  35.6650, 1506.001, 04 Dec 2013 12:03:43,  26.7325, 11.5,   2.2
2013/12/04 12:03:56.623 # 13.8515,  4.25629,  134.518,  35.6652, 1506.002, 04 Dec 2013 12:03:53,  26.7328, 11.5,   2.7
2013/12/04 12:04:06.622 # 13.8495,  4.25602,  134.519,  35.6645, 1505.994, 04 Dec 2013 12:04:03,  26.7327, 11.5,   2.2
2013/12/04 12:04:16.623 # 13.8486,  4.25587,  134.516,  35.6640, 1505.991, 04 Dec 2013 12:04:13,  26.7324, 11.5,   1.9
2013/12/04 12:04:26.623 # 13.8489,  4.25592,  134.510,  35.6641, 1505.992, 04 Dec 2013 12:04:23,  26.7324, 11.5,   2.2
2013/12/04 12:04:36.625 # 13.8488,  4.25592,  134.511,  35.6643, 1505.992, 04 Dec 2013 12:04:33,  26.7327, 11.5,   2.1
2013/12/04 12:04:46.626 # 13.8492,  4.25591,  134.515,  35.6638, 1505.993, 04 Dec 2013 12:04:43,  26.7321, 11.5,   2.2
2013/12/04 12:04:56.629 # 13.8491,  4.25590,  134.525,  35.6638, 1505.992, 04 Dec 2013 12:04:53,  26.7322, 11.5,   2.2
2013/12/04 12:05:06.627 # 13.8497,  4.25594,  134.517,  35.6636, 1505.994, 04 Dec 2013 12:05:03,  26.7319, 11.5,   2.3
2013/12/04 12:05:16.629 # 13.8505,  4.25606,  134.515,  35.6640, 1505.997, 04 Dec 2013 12:05:13,  26.7321, 11.5,   2.2
2013/12/04 12:05:26.629 # 13.8517,  4.25619,  134.521,  35.6641, 1506.001, 04 Dec 2013 12:05:23,  26.7318, 11.5,   2.1
2013/12/04 12:05:36.629 # 13.8527,  4.25633,  134.515,  35.6645, 1506.005, 04 Dec 2013 12:05:33,  26.7319, 11.5,   2.8
2013/12/04 12:05:46.628 # 13.8533,  4.25640,  134.514,  35.6646, 1506.007, 04 Dec 2013 12:05:43,  26.7319, 11.5,   2.1
2013/12/04 12:05:56.630 # 13.8510,  4.25619,  134.521,  35.6647, 1506.000, 04 Dec 2013 12:05:53,  26.7324, 11.5,   2.0
2013/12/04 12:06:05.148 [ctdbp2:DLOGP3]:Instrument Stopped [Power Off]
2013/12/04 12:57:28.999 [ctdbp2:DLOGP3]:Idle state, without initialize
2013/12/04 13:00:12.478 [ctdbp2:DLOGP3]:Instrument Started [Power On]
2013/12/04 13:00:25.645 # 13.6920,  4.23838,  134.546,  35.6454, 1505.460, 04 Dec 2013 13:00:22,  26.7509, 11.4,   1.9
2013/12/04 13:00:35.639 # 13.6920,  4.23834,  134.553,  35.6450, 1505.459, 04 Dec 2013 13:00:32,  26.7506, 11.4,   2.2
2013/12/04 13:00:45.638 # 13.6919,  4.23833,  134.554,  35.6450, 1505.459, 04 Dec 2013 13:00:42,  26.7506, 11.4,   2.1
2013/12/04 13:00:55.638 # 13.6922,  4.23835,  134.559,  35.6449, 1505.460, 04 Dec 2013 13:00:52,  26.7504, 11.4,   2.0
2013/12/04 13:01:05.638 # 13.6922,  4.23834,  134.549,  35.6448, 1505.460, 04 Dec 2013 13:01:02,  26.7504, 11.4,   2.4
2013/12/04 13:01:15.639 # 13.6916,  4.23830,  134.548,  35.6450, 1505.458, 04 Dec 2013 13:01:12,  26.7506, 11.5,   2.1
2013/12/04 13:01:25.651 # 13.6911,  4.23826,  134.551,  35.6450, 1505.457, 04 Dec 2013 13:01:22,  26.7507, 11.5,   2.0
2013/12/04 13:01:35.641 # 13.6911,  4.23824,  134.556,  35.6449, 1505.456, 04 Dec 2013 13:01:32,  26.7506, 11.5,   2.3
2013/12/04 13:01:45.640 # 13.6911,  4.23823,  134.553,  35.6448, 1505.456, 04 Dec 2013 13:01:42,  26.7506, 11.5,   2.0
2013/12/04 13:01:55.642 # 13.6911,  4.23824,  134.551,  35.6449, 1505.456, 04 Dec 2013 13:01:52,  26.7506, 11.5,   2.2
2013/12/04 13:02:05.640 # 13.6909,  4.23823,  134.552,  35.6449, 1505.456, 04 Dec 2013 13:02:02,  26.7507, 11.5,   2.0
2013/12/04 13:02:15.647 # 13.6906,  4.23819,  134.554,  35.6448, 1505.455, 04 Dec 2013 13:02:12,  26.7507, 11.5,   2.1
2013/12/04 13:02:25.641 # 13.6903,  4.23819,  134.559,  35.6451, 1505.454, 04 Dec 2013 13:02:22,  26.7510, 11.5,   2.3
2013/12/04 13:02:35.642 # 13.6903,  4.23818,  134.549,  35.6450, 1505.454, 04 Dec 2013 13:02:32,  26.7509, 11.5,   2.3
2013/12/04 13:02:45.640 # 13.6904,  4.23816,  134.549,  35.6448, 1505.454, 04 Dec 2013 13:02:42,  26.7507, 11.5,   2.2
2013/12/04 13:02:55.640 # 13.6903,  4.23816,  134.544,  35.6448, 1505.454, 04 Dec 2013 13:02:52,  26.7507, 11.5,   2.4
2013/12/04 13:03:05.641 # 13.6905,  4.23817,  134.559,  35.6448, 1505.454, 04 Dec 2013 13:03:02,  26.7507, 11.5,   2.0
2013/12/04 13:03:15.640 # 13.6910,  4.23818,  134.564,  35.6444, 1505.456, 04 Dec 2013 13:03:12,  26.7502, 11.5,   2.1
2013/12/04 13:03:25.641 # 13.6909,  4.23820,  134.548,  35.6447, 1505.455, 04 Dec 2013 13:03:22,  26.7506, 11.5,   2.0
2013/12/04 13:03:35.641 # 13.6917,  4.23827,  134.554,  35.6447, 1505.458, 04 Dec 2013 13:03:32,  26.7504, 11.5,   2.2
2013/12/04 13:03:45.642 # 13.6919,  4.23826,  134.552,  35.6443, 1505.458, 04 Dec 2013 13:03:42,  26.7500, 11.5,   3.2
2013/12/04 13:03:55.641 # 13.6916,  4.23828,  134.556,  35.6448, 1505.458, 04 Dec 2013 13:03:52,  26.7505, 11.5,   2.5
2013/12/04 13:04:05.641 # 13.6918,  4.23829,  134.548,  35.6447, 1505.458, 04 Dec 2013 13:04:02,  26.7504, 11.5,   1.9
2013/12/04 13:04:15.642 # 13.6919,  4.23829,  134.547,  35.6446, 1505.458, 04 Dec 2013 13:04:12,  26.7502, 11.5,   2.1
2013/12/04 13:04:25.641 # 13.6922,  4.23832,  134.548,  35.6446, 1505.459, 04 Dec 2013 13:04:22,  26.7501, 11.5,   2.5
2013/12/04 13:04:35.643 # 13.6922,  4.23831,  134.552,  35.6445, 1505.459, 04 Dec 2013 13:04:32,  26.7501, 11.5,   2.3
2013/12/04 13:04:45.642 # 13.6914,  4.23823,  134.551,  35.6445, 1505.457, 04 Dec 2013 13:04:42,  26.7502, 11.5,   2.0
2013/12/04 13:04:55.642 # 13.6909,  4.23824,  134.550,  35.6450, 1505.456, 04 Dec 2013 13:04:52,  26.7507, 11.5,   2.0
2013/12/04 13:05:05.642 # 13.6906,  4.23819,  134.545,  35.6449, 1505.454, 04 Dec 2013 13:05:02,  26.7507, 11.5,   2.1
2013/12/04 13:05:15.643 # 13.6917,  4.23825,  134.544,  35.6444, 1505.458, 04 Dec 2013 13:05:12,  26.7501, 11.5,   1.9
2013/12/04 13:05:25.643 # 13.6913,  4.23824,  134.555,  35.6447, 1505.457, 04 Dec 2013 13:05:22,  26.7504, 11.5,   2.0
2013/12/04 13:05:35.644 # 13.6903,  4.23815,  134.548,  35.6448, 1505.453, 04 Dec 2013 13:05:32,  26.7507, 11.5,   2.2
2013/12/04 13:05:45.644 # 13.6889,  4.23804,  134.536,  35.6451, 1505.449, 04 Dec 2013 13:05:42,  26.7512, 11.5,   2.2
2013/12/04 13:05:55.644 # 13.6902,  4.23815,  134.547,  35.6448, 1505.453, 04 Dec 2013 13:05:52,  26.7509, 11.5,   2.1
2013/12/04 13:06:12.159 [ctdbp2:DLOGP3]:Instrument Stopped [Power Off]
2013/12/04 13:57:27.995 [ctdbp2:DLOGP3]:Idle state, without initialize
2013/12/04 14:00:13.457 [ctdbp2:DLOGP3]:Instrument Started [Power On]
2013/12/04 14:00:26.677 # 13.6383,  4.23340,  134.436,  35.6486, 1505.286, 04 Dec 2013 14:00:23,  26.7645, 11.4,   2.1
2013/12/04 14:00:36.671 # 13.6387,  4.23341,  134.432,  35.6482, 1505.287, 04 Dec 2013 14:00:33,  26.7642, 11.4,   2.4
2013/12/04 14:00:46.669 # 13.6368,  4.23327,  134.426,  35.6487, 1505.281, 04 Dec 2013 14:00:43,  26.7649, 11.4,   2.1
2013/12/04 14:00:56.669 # 13.6369,  4.23322,  134.428,  35.6482, 1505.281, 04 Dec 2013 14:00:53,  26.7645, 11.4,   2.1
2013/12/04 14:01:06.669 # 13.6360,  4.23316,  134.438,  35.6485, 1505.279, 04 Dec 2013 14:01:03,  26.7649, 11.5,   1.9
2013/12/04 14:01:16.682 # 13.6360,  4.23316,  134.431,  35.6484, 1505.279, 04 Dec 2013 14:01:13,  26.7649, 11.5,   2.1
2013/12/04 14:01:26.669 # 13.6354,  4.23310,  134.420,  35.6484, 1505.276, 04 Dec 2013 14:01:23,  26.7650, 11.5,   3.1
2013/12/04 14:01:36.669 # 13.6358,  4.23312,  134.423,  35.6483, 1505.277, 04 Dec 2013 14:01:33,  26.7648, 11.5,   2.2
2013/12/04 14:01:46.669 # 13.6361,  4.23316,  134.430,  35.6483, 1505.279, 04 Dec 2013 14:01:43,  26.7648, 11.5,   2.2
2013/12/04 14:01:56.670 # 13.6353,  4.23310,  134.424,  35.6485, 1505.276, 04 Dec 2013 14:01:53,  26.7650, 11.5,   2.2
2013/12/04 14:02:06.668 # 13.6358,  4.23312,  134.410,  35.6483, 1505.277, 04 Dec 2013 14:02:03,  26.7648, 11.5,   2.2
2013/12/04 14:02:16.668 # 13.6350,  4.23307,  134.424,  35.6484, 1505.275, 04 Dec 2013 14:02:13,  26.7651, 11.5,   2.2
2013/12/04 14:02:26.669 # 13.6353,  4.23307,  134.424,  35.6482, 1505.276, 04 Dec 2013 14:02:23,  26.7649, 11.5,   2.2
2013/12/04 14:02:36.667 # 13.6350,  4.23304,  134.423,  35.6483, 1505.275, 04 Dec 2013 14:02:33,  26.7650, 11.5,   2.3
2013/12/04 14:02:46.667 # 13.6349,  4.23304,  134.408,  35.6483, 1505.275, 04 Dec 2013 14:02:43,  26.7650, 11.5,   2.0
2013/12/04 14:02:56.665 # 13.6343,  4.23297,  134.410,  35.6482, 1505.272, 04 Dec 2013 14:02:53,  26.7650, 11.5,   2.1
2013/12/04 14:03:06.664 # 13.6345,  4.23303,  134.416,  35.6486, 1505.274, 04 Dec 2013 14:03:03,  26.7654, 11.5,   1.9
2013/12/04 14:03:16.664 # 13.6345,  4.23301,  134.431,  35.6485, 1505.274, 04 Dec 2013 14:03:13,  26.7653, 11.5,   1.9
2013/12/04 14:03:26.664 # 13.6347,  4.23303,  134.430,  35.6484, 1505.274, 04 Dec 2013 14:03:23,  26.7651, 11.5,   2.0
2013/12/04 14:03:36.663 # 13.6354,  4.23307,  134.418,  35.6481, 1505.276, 04 Dec 2013 14:03:33,  26.7648, 11.5,   2.2
2013/12/04 14:03:46.662 # 13.6346,  4.23302,  134.423,  35.6484, 1505.274, 04 Dec 2013 14:03:43,  26.7651, 11.5,   2.1
2013/12/04 14:03:56.661 # 13.6352,  4.23305,  134.423,  35.6482, 1505.276, 04 Dec 2013 14:03:53,  26.7649, 11.5,   2.3
2013/12/04 14:04:06.664 # 13.6357,  4.23309,  134.412,  35.6481, 1505.277, 04 Dec 2013 14:04:03,  26.7646, 11.5,   2.0
2013/12/04 14:04:16.660 # 13.6346,  4.23300,  134.417,  35.6482, 1505.274, 04 Dec 2013 14:04:13,  26.7650, 11.5,   2.3
2013/12/04 14:04:26.669 # 13.6344,  4.23300,  134.416,  35.6484, 1505.273, 04 Dec 2013 14:04:23,  26.7653, 11.5,   1.9
2013/12/04 14:04:36.659 # 13.6344,  4.23297,  134.420,  35.6482, 1505.273, 04 Dec 2013 14:04:33,  26.7650, 11.5,   2.1
2013/12/04 14:04:46.663 # 13.6346,  4.23299,  134.417,  35.6481, 1505.273, 04 Dec 2013 14:04:43,  26.7650, 11.5,   2.1
2013/12/04 14:04:56.659 # 13.6341,  4.23296,  134.417,  35.6484, 1505.272, 04 Dec 2013 14:04:53,  26.7653, 11.5,   2.0
2013/12/04 14:05:06.657 # 13.6343,  4.23298,  134.423,  35.6483, 1505.273, 04 Dec 2013 14:05:03,  26.7651, 11.5,   2.1
2013/12/04 14:05:16.657 # 13.6335,  4.23292,  134.423,  35.6486, 1505.270, 04 Dec 2013 14:05:13,  26.7655, 11.5,   2.3
2013/12/04 14:05:26.656 # 13.6328,  4.23284,  134.423,  35.6484, 1505.268, 04 Dec 2013 14:05:23,  26.7655, 11.5,   2.3
2013/12/04 14:05:36.656 # 13.6331,  4.23285,  134.418,  35.6482, 1505.269, 04 Dec 2013 14:05:33,  26.7653, 11.5,   3.1
2013/12/04 14:05:46.656 # 13.6334,  4.23287,  134.424,  35.6481, 1505.269, 04 Dec 2013 14:05:43,  26.7651, 11.5,   2.1
2013/12/04 14:05:56.657 # 13.6329,  4.23285,  134.430,  35.6484, 1505.268, 04 Dec 2013 14:05:53,  26.7655, 11.5,   2.3
2013/12/04 14:06:13.169 [ctdbp2:DLOGP3]:Instrument Stopped [Power Off]
2013/12/04 14:57:29.438 [ctdbp2:DLOGP3]:Idle state, without initialize
2013/12/04 15:00:12.933 [ctdbp2:DLOGP3]:Instrument Started [Power On]
2013/12/04 15:00:26.707 # 13.5627,  4.22557,  134.180,  35.6453, 1505.031, 04 Dec 2013 15:00:23,  26.7777, 11.4,   2.0
2013/12/04 15:00:36.701 # 13.5627,  4.22556,  134.188,  35.6453, 1505.031, 04 Dec 2013 15:00:33,  26.7777, 11.4,   2.1
2013/12/04 15:00:46.700 # 13.5621,  4.22552,  134.187,  35.6454, 1505.029, 04 Dec 2013 15:00:43,  26.7778, 11.4,   2.1
2013/12/04 15:00:56.700 # 13.5623,  4.22553,  134.164,  35.6453, 1505.029, 04 Dec 2013 15:00:53,  26.7778, 11.4,   2.3
2013/12/04 15:01:06.711 # 13.5623,  4.22549,  134.160,  35.6449, 1505.029, 04 Dec 2013 15:01:03,  26.7775, 11.5,   3.0
2013/12/04 15:01:16.699 # 13.5619,  4.22550,  134.169,  35.6454, 1505.028, 04 Dec 2013 15:01:13,  26.7780, 11.5,   2.0
2013/12/04 15:01:26.697 # 13.5619,  4.22549,  134.177,  35.6453, 1505.028, 04 Dec 2013 15:01:23,  26.7778, 11.5,   2.2
2013/12/04 15:01:36.697 # 13.5622,  4.22549,  134.162,  35.6450, 1505.029, 04 Dec 2013 15:01:33,  26.7776, 11.5,   2.6
2013/12/04 15:01:46.696 # 13.5616,  4.22547,  134.163,  35.6454, 1505.027, 04 Dec 2013 15:01:43,  26.7780, 11.5,   2.2
2013/12/04 15:01:56.697 # 13.5619,  4.22549,  134.151,  35.6453, 1505.028, 04 Dec 2013 15:01:53,  26.7778, 11.5,   2.1
2013/12/04 15:02:06.694 # 13.5616,  4.22543,  134.169,  35.6451, 1505.027, 04 Dec 2013 15:02:03,  26.7778, 11.5,   2.2
2013/12/04 15:02:16.693 # 13.5612,  4.22542,  134.164,  35.6453, 1505.026, 04 Dec 2013 15:02:13,  26.7781, 11.5,   2.0
2013/12/04 15:02:26.693 # 13.5614,  4.22541,  134.175,  35.6451, 1505.026, 04 Dec 2013 15:02:23,  26.7778, 11.5,   2.3
2013/12/04 15:02:36.691 # 13.5618,  4.22545,  134.163,  35.6450, 1505.028, 04 Dec 2013 15:02:33,  26.7777, 11.5,   2.1
2013/12/04 15:02:46.690 # 13.5616,  4.22542,  134.163,  35.6450, 1505.027, 04 Dec 2013 15:02:43,  26.7777, 11.5,   1.9
2013/12/04 15:02:56.689 # 13.5614,  4.22544,  134.163,  35.6453, 1505.026, 04 Dec 2013 15:02:53,  26.7780, 11.5,   1.9
2013/12/04 15:03:06.686 # 13.5610,  4.22540,  134.169,  35.6453, 1505.025, 04 Dec 2013 15:03:03,  26.7781, 11.5,   2.4
2013/12/04 15:03:16.686 # 13.5614,  4.22544,  134.157,  35.6453, 1505.026, 04 Dec 2013 15:03:13,  26.7780, 11.5,   2.0
2013/12/04 15:03:26.685 # 13.5619,  4.22544,  134.165,  35.6449, 1505.027, 04 Dec 2013 15:03:23,  26.7776, 11.5,   1.8
2013/12/04 15:03:36.681 # 13.5619,  4.22549,  134.148,  35.6453, 1505.028, 04 Dec 2013 15:03:33,  26.7778, 11.5,   2.3
2013/12/04 15:03:46.681 # 13.5606,  4.22539,  134.164,  35.6455, 1505.024, 04 Dec 2013 15:03:43,  26.7783, 11.5,   2.1
2013/12/04 15:03:56.682 # 13.5578,  4.22507,  134.151,  35.6452, 1505.014, 04 Dec 2013 15:03:53,  26.7787, 11.5,   2.3
2013/12/04 15:04:06.678 # 13.5581,  4.22508,  134.156,  35.6450, 1505.015, 04 Dec 2013 15:04:03,  26.7784, 11.5,   1.9
2013/12/04 15:04:16.677 # 13.5591,  4.22513,  134.160,  35.6445, 1505.018, 04 Dec 2013 15:04:13,  26.7778, 11.5,   2.2
2013/12/04 15:04:26.677 # 13.5601,  4.22525,  134.163,  35.6448, 1505.022, 04 Dec 2013 15:04:23,  26.7778, 11.5,   2.1
2013/12/04 15:04:36.675 # 13.5600,  4.22525,  134.161,  35.6449, 1505.021, 04 Dec 2013 15:04:33,  26.7780, 11.5,   2.3
2013/12/04 15:04:46.672 # 13.5598,  4.22528,  134.153,  35.6453, 1505.021, 04 Dec 2013 15:04:43,  26.7783, 11.5,   2.3
2013/12/04 15:04:56.672 # 13.5586,  4.22513,  134.160,  35.6450, 1505.017, 04 Dec 2013 15:04:53,  26.7783, 11.5,   2.1
2013/12/04 15:05:06.671 # 13.5583,  4.22510,  134.160,  35.6450, 1505.016, 04 Dec 2013 15:05:03,  26.7783, 11.5,   1.9
2013/12/04 15:05:16.669 # 13.5582,  4.22509,  134.150,  35.6450, 1505.015, 04 Dec 2013 15:05:13,  26.7784, 11.5,   2.5
2013/12/04 15:05:26.669 # 13.5572,  4.22499,  134.144,  35.6450, 1505.012, 04 Dec 2013 15:05:23,  26.7787, 11.5,   2.2
2013/12/04 15:05:36.668 # 13.5564,  4.22490,  134.159,  35.6449, 1505.010, 04 Dec 2013 15:05:33,  26.7787, 11.5,   2.0
2013/12/04 15:05:46.667 # 13.5576,  4.22499,  134.160,  35.6446, 1505.013, 04 Dec 2013 15:05:43,  26.7782, 11.5,   2.2
2013/12/04 15:05:56.667 # 13.5555,  4.22482,  134.166,  35.6450, 1505.007, 04 Dec 2013 15:05:53,  26.7789, 11.5,   2.3
2013/12/04 15:06:05.179 [ctdbp2:DLOGP3]:Instrument Stopped [Power Off]
2013/12/04 15:57:28.544 [ctdbp2:DLOGP3]:Idle state, without initialize
2013/12/04 16:00:13.969 [ctdbp2:DLOGP3]:Instrument Started [Power On]
2013/12/04 16:00:27.735 # 13.5147,  4.22032,  133.825,  35.6407, 1504.863, 04 Dec 2013 16:00:24,  26.7841, 11.4,   2.2
2013/12/04 16:00:37.729 # 13.5146,  4.22031,  133.828,  35.6407, 1504.862, 04 Dec 2013 16:00:34,  26.7842, 11.4,   2.1
2013/12/04 16:00:47.730 # 13.5144,  4.22029,  133.815,  35.6407, 1504.861, 04 Dec 2013 16:00:44,  26.7842, 11.4,   2.0
2013/12/04 16:00:57.729 # 13.5144,  4.22028,  133.824,  35.6407, 1504.861, 04 Dec 2013 16:00:54,  26.7842, 11.4,   2.7
2013/12/04 16:01:07.738 # 13.5147,  4.22029,  133.825,  35.6404, 1504.862, 04 Dec 2013 16:01:04,  26.7839, 11.5,   2.1
2013/12/04 16:01:17.728 # 13.5143,  4.22028,  133.814,  35.6408, 1504.861, 04 Dec 2013 16:01:14,  26.7843, 11.5,   1.8
2013/12/04 16:01:27.726 # 13.5141,  4.22028,  133.816,  35.6409, 1504.861, 04 Dec 2013 16:01:24,  26.7843, 11.5,   2.0
2013/12/04 16:01:37.726 # 13.5143,  4.22028,  133.826,  35.6408, 1504.861, 04 Dec 2013 16:01:34,  26.7842, 11.5,   2.3
2013/12/04 16:01:47.724 # 13.5143,  4.22027,  133.813,  35.6407, 1504.861, 04 Dec 2013 16:01:44,  26.7842, 11.5,   2.1
2013/12/04 16:01:57.752 # 13.5143,  4.22027,  133.815,  35.6406, 1504.861, 04 Dec 2013 16:01:54,  26.7842, 11.5,   2.1
2013/12/04 16:02:07.719 # 13.5143,  4.22024,  133.813,  35.6404, 1504.860, 04 Dec 2013 16:02:04,  26.7839, 11.5,   2.3
2013/12/04 16:02:17.718 # 13.5141,  4.22026,  133.807,  35.6407, 1504.860, 04 Dec 2013 16:02:14,  26.7842, 11.5,   2.3
2013/12/04 16:02:27.718 # 13.5139,  4.22024,  133.812,  35.6407, 1504.860, 04 Dec 2013 16:02:24,  26.7843, 11.5,   2.3
2013/12/04 16:02:37.717 # 13.5135,  4.22021,  133.809,  35.6408, 1504.859, 04 Dec 2013 16:02:34,  26.7844, 11.5,   2.1
2013/12/04 16:02:47.711 # 13.5137,  4.22021,  133.805,  35.6406, 1504.859, 04 Dec 2013 16:02:44,  26.7842, 11.5,   2.6
2013/12/04 16:02:57.708 # 13.5138,  4.22021,  133.812,  35.6406, 1504.859, 04 Dec 2013 16:02:54,  26.7842, 11.5,   2.2
2013/12/04 16:03:07.705 # 13.5136,  4.22020,  133.817,  35.6407, 1504.859, 04 Dec 2013 16:03:04,  26.7843, 11.5,   2.3
2013/12/04 16:03:17.707 # 13.5135,  4.22018,  133.800,  35.6406, 1504.858, 04 Dec 2013 16:03:14,  26.7843, 11.5,   2.3
2013/12/04 16:03:27.703 # 13.5132,  4.22016,  133.814,  35.6406, 1504.857, 04 Dec 2013 16:03:24,  26.7843, 11.5,   2.0
2013/12/04 16:03:37.699 # 13.5134,  4.22018,  133.802,  35.6406, 1504.858, 04 Dec 2013 16:03:34,  26.7843, 11.5,   2.3
2013/12/04 16:03:47.710 # 13.5136,  4.22020,  133.810,  35.6406, 1504.859, 04 Dec 2013 16:03:44,  26.7843, 11.5,   2.1
2013/12/04 16:03:57.701 # 13.5136,  4.22020,  133.798,  35.6406, 1504.858, 04 Dec 2013 16:03:54,  26.7843, 11.5,   2.1
2013/12/04 16:04:07.692 # 13.5136,  4.22018,  133.815,  35.6404, 1504.859, 04 Dec 2013 16:04:04,  26.7842, 11.5,   2.6
2013/12/04 16:04:17.708 # 13.5133,  4.22017,  133.812,  35.6405, 1504.858, 04 Dec 2013 16:04:14,  26.7843, 11.5,   2.0
2013/12/04 16:04:27.688 # 13.5135,  4.22018,  133.806,  35.6405, 1504.858, 04 Dec 2013 16:04:24,  26.7842, 11.5,   2.2
2013/12/04 16:04:37.694 # 13.5135,  4.22019,  133.790,  35.6407, 1504.858, 04 Dec 2013 16:04:34,  26.7843, 11.5,   2.5
2013/12/04 16:04:47.687 # 13.5135,  4.22018,  133.802,  35.6405, 1504.858, 04 Dec 2013 16:04:44,  26.7842, 11.5,   2.2
2013/12/04 16:04:57.684 # 13.5132,  4.22017,  133.796,  35.6407, 1504.857, 04 Dec 2013 16:04:54,  26.7844, 11.5,   2.1
2013/12/04 16:05:07.682 # 13.5132,  4.22018,  133.812,  35.6407, 1504.858, 04 Dec 2013 16:05:04,  26.7844, 11.5,   2.5
2013/12/04 16:05:17.681 # 13.5139,  4.22022,  133.804,  35.6405, 1504.859, 04 Dec 2013 16:05:14,  26.7842, 11.5,   2.2
2013/12/04 16:05:27.678 # 13.5140,  4.22024,  133.795,  35.6406, 1504.860, 04 Dec 2013 16:05:24,  26.7842, 11.5,   2.2
2013/12/04 16:05:37.676 # 13.5141,  4.22026,  133.805,  35.6406, 1504.860, 04 Dec 2013 16:05:34,  26.7842, 11.5,   2.1
2013/12/04 16:05:47.676 # 13.5137,  4.22024,  133.805,  35.6408, 1504.859, 04 Dec 2013 16:05:44,  26.7844, 11.5,   2.2
2013/12/04 16:05:57.674 # 13.5138,  4.22021,  133.795,  35.6405, 1504.859, 04 Dec 2013 16:05:54,  26.7842, 11.5,   2.0
2013/12/04 16:06:06.188 [ctdbp2:DLOGP3]:Instrument Stopped [Power Off]
2013/12/04 16:57:27.847 [ctdbp2:DLOGP3]:Idle state, without initialize
2013/12/04 17:00:13.141 [ctdbp2:DLOGP3]:Instrument Started [Power On]
2013/12/04 17:00:26.648 # 13.5084,  4.21958,  133.493,  35.6398, 1504.835, 04 Dec 2013 17:00:23,  26.7847, 11.4,   1.9
2013/12/04 17:00:36.644 # 13.5080,  4.21956,  133.474,  35.6399, 1504.834, 04 Dec 2013 17:00:33,  26.7849, 11.4,   1.9
2013/12/04 17:00:46.643 # 13.5076,  4.21953,  133.491,  35.6399, 1504.833, 04 Dec 2013 17:00:43,  26.7850, 11.4,   2.3
2013/12/04 17:00:56.643 # 13.5075,  4.21951,  133.486,  35.6399, 1504.833, 04 Dec 2013 17:00:53,  26.7850, 11.4,   2.4
2013/12/04 17:01:06.654 # 13.5066,  4.21939,  133.476,  35.6396, 1504.829, 04 Dec 2013 17:01:03,  26.7849, 11.5,   2.1
2013/12/04 17:01:16.642 # 13.5062,  4.21936,  133.475,  35.6397, 1504.828, 04 Dec 2013 17:01:13,  26.7852, 11.5,   2.3
2013/12/04 17:01:26.644 # 13.5062,  4.21937,  133.471,  35.6398, 1504.828, 04 Dec 2013 17:01:23,  26.7852, 11.5,   2.6
2013/12/04 17:01:36.648 # 13.5065,  4.21936,  133.478,  35.6394, 1504.828, 04 Dec 2013 17:01:33,  26.7848, 11.5,   2.0
2013/12/04 17:01:46.642 # 13.5060,  4.21937,  133.473,  35.6400, 1504.827, 04 Dec 2013 17:01:43,  26.7854, 11.5,   2.3
2013/12/04 17:01:56.651 # 13.5061,  4.21935,  133.472,  35.6397, 1504.827, 04 Dec 2013 17:01:53,  26.7850, 11.5,   2.4
2013/12/04 17:02:06.641 # 13.5066,  4.21937,  133.481,  35.6395, 1504.829, 04 Dec 2013 17:02:03,  26.7848, 11.5,   3.0
2013/12/04 17:02:16.642 # 13.5063,  4.21937,  133.471,  35.6397, 1504.828, 04 Dec 2013 17:02:13,  26.7852, 11.5,   2.4
2013/12/04 17:02:26.646 # 13.5061,  4.21937,  133.467,  35.6399, 1504.828, 04 Dec 2013 17:02:23,  26.7853, 11.5,   2.0
2013/12/04 17:02:36.641 # 13.5065,  4.21939,  133.459,  35.6397, 1504.828, 04 Dec 2013 17:02:33,  26.7850, 11.5,   2.3
2013/12/04 17:02:46.642 # 13.5069,  4.21944,  133.472,  35.6399, 1504.830, 04 Dec 2013 17:02:43,  26.7850, 11.5,   2.2
2013/12/04 17:02:56.641 # 13.5074,  4.21950,  133.469,  35.6399, 1504.832, 04 Dec 2013 17:02:53,  26.7849, 11.5,   2.2
2013/12/04 17:03:06.642 # 13.5081,  4.21955,  133.475,  35.6397, 1504.834, 04 Dec 2013 17:03:03,  26.7847, 11.5,   2.4
2013/12/04 17:03:16.640 # 13.5074,  4.21949,  133.468,  35.6398, 1504.832, 04 Dec 2013 17:03:13,  26.7849, 11.5,   2.1
2013/12/04 17:03:26.640 # 13.5075,  4.21949,  133.459,  35.6398, 1504.832, 04 Dec 2013 17:03:23,  26.7849, 11.5,   2.0
2013/12/04 17:03:36.642 # 13.5071,  4.21945,  133.459,  35.6397, 1504.831, 04 Dec 2013 17:03:33,  26.7849, 11.5,   2.1
2013/12/04 17:03:46.643 # 13.5065,  4.21937,  133.461,  35.6396, 1504.828, 04 Dec 2013 17:03:43,  26.7849, 11.5,   2.2
2013/12/04 17:03:56.647 # 13.5065,  4.21937,  133.466,  35.6396, 1504.828, 04 Dec 2013 17:03:53,  26.7849, 11.5,   2.6
2013/12/04 17:04:06.641 # 13.5068,  4.21941,  133.474,  35.6397, 1504.830, 04 Dec 2013 17:04:03,  26.7849, 11.5,   2.8
2013/12/04 17:04:16.641 # 13.5067,  4.21939,  133.460,  35.6396, 1504.829, 04 Dec 2013 17:04:13,  26.7849, 11.5,   2.3
2013/12/04 17:04:26.641 # 13.5067,  4.21941,  133.465,  35.6398, 1504.829, 04 Dec 2013 17:04:23,  26.7850, 11.5,   2.0
2013/12/04 17:04:36.640 # 13.5070,  4.21942,  133.465,  35.6395, 1504.830, 04 Dec 2013 17:04:33,  26.7848, 11.5,   2.2
2013/12/04 17:04:46.643 # 13.5065,  4.21938,  133.461,  35.6396, 1504.828, 04 Dec 2013 17:04:43,  26.7849, 11.5,   2.2
2013/12/04 17:04:56.640 # 13.5063,  4.21937,  133.463,  35.6397, 1504.828, 04 Dec 2013 17:04:53,  26.7850, 11.5,   2.1
2013/12/04 17:05:06.640 # 13.5060,  4.21934,  133.459,  35.6398, 1504.827, 04 Dec 2013 17:05:03,  26.7852, 11.5,   2.4
2013/12/04 17:05:16.641 # 13.5061,  4.21934,  133.445,  35.6397, 1504.827, 04 Dec 2013 17:05:13,  26.7852, 11.5,   2.3
2013/12/04 17:05:26.641 # 13.5057,  4.21931,  133.459,  35.6397, 1504.826, 04 Dec 2013 17:05:23,  26.7852, 11.5,   1.9
2013/12/04 17:05:36.641 # 13.5055,  4.21928,  133.464,  35.6397, 1504.825, 04 Dec 2013 17:05:33,  26.7853, 11.5,   2.4
2013/12/04 17:05:46.640 # 13.5053,  4.21928,  133.463,  35.6398, 1504.825, 04 Dec 2013 17:05:43,  26.7853, 11.5,   2.0
2013/12/04 17:05:56.660 # 13.5056,  4.21928,  133.454,  35.6395, 1504.825, 04 Dec 2013 17:05:53,  26.7850, 11.5,   2.7
2013/12/04 17:06:05.180 [ctdbp2:DLOGP3]:Instrument Stopped [Power Off]
2013/12/04 17:57:28.713 [ctdbp2:DLOGP3]:Idle state, without initialize
2013/12/04 18:00:12.009 [ctdbp2:DLOGP3]:Instrument Started [Power On]
2013/12/04 18:00:25.648 # 13.5291,  4.22165,  133.226,  35.6401, 1504.899, 04 Dec 2013 18:00:22,  26.7806, 11.4,   2.1
2013/12/04 18:00:35.642 # 13.5298,  4.22169,  133.219,  35.6398, 1504.901, 04 Dec 2013 18:00:32,  26.7803, 11.4,   2.1
2013/12/04 18:00:45.644 # 13.5297,  4.22171,  133.217,  35.6401, 1504.901, 04 Dec 2013 18:00:42,  26.7805, 11.4,   2.1
2013/12/04 18:00:55.644 # 13.5296,  4.22172,  133.226,  35.6402, 1504.901, 04 Dec 2013 18:00:52,  26.7806, 11.4,   1.8
2013/12/04 18:01:05.655 # 13.5297,  4.22171,  133.222,  35.6401, 1504.901, 04 Dec 2013 18:01:02,  26.7805, 11.5,   2.3
2013/12/04 18:01:15.643 # 13.5295,  4.22171,  133.223,  35.6403, 1504.901, 04 Dec 2013 18:01:12,  26.7808, 11.5,   2.7
2013/12/04 18:01:25.644 # 13.5298,  4.22171,  133.221,  35.6400, 1504.901, 04 Dec 2013 18:01:22,  26.7804, 11.5,   2.1
2013/12/04 18:01:35.643 # 13.5296,  4.22171,  133.231,  35.6401, 1504.901, 04 Dec 2013 18:01:32,  26.7806, 11.5,   2.2
2013/12/04 18:01:45.643 # 13.5298,  4.22172,  133.215,  35.6401, 1504.901, 04 Dec 2013 18:01:42,  26.7805, 11.5,   2.1
2013/12/04 18:01:55.642 # 13.5302,  4.22175,  133.226,  35.6399, 1504.903, 04 Dec 2013 18:01:52,  26.7803, 11.5,   2.1
2013/12/04 18:02:05.642 # 13.5302,  4.22175,  133.206,  35.6400, 1504.902, 04 Dec 2013 18:02:02,  26.7804, 11.5,   1.9
2013/12/04 18:02:15.643 # 13.5301,  4.22177,  133.227,  35.6403, 1504.902, 04 Dec 2013 18:02:12,  26.7806, 11.5,   2.1
2013/12/04 18:02:25.643 # 13.5306,  4.22179,  133.224,  35.6400, 1504.904, 04 Dec 2013 18:02:22,  26.7803, 11.5,   2.0
2013/12/04 18:02:35.642 # 13.5305,  4.22179,  133.216,  35.6401, 1504.904, 04 Dec 2013 18:02:32,  26.7804, 11.5,   2.3
2013/12/04 18:02:45.641 # 13.5306,  4.22180,  133.204,  35.6401, 1504.904, 04 Dec 2013 18:02:42,  26.7803, 11.5,   1.7
2013/12/04 18:02:55.644 # 13.5305,  4.22180,  133.217,  35.6402, 1504.904, 04 Dec 2013 18:02:52,  26.7804, 11.5,   2.2
2013/12/04 18:03:05.642 # 13.5305,  4.22180,  133.214,  35.6402, 1504.904, 04 Dec 2013 18:03:02,  26.7805, 11.5,   3.0
2013/12/04 18:03:15.642 # 13.5309,  4.22179,  133.212,  35.6398, 1504.904, 04 Dec 2013 18:03:12,  26.7800, 11.5,   2.0
2013/12/04 18:03:25.642 # 13.5307,  4.22180,  133.207,  35.6400, 1504.904, 04 Dec 2013 18:03:22,  26.7803, 11.5,   2.3
2013/12/04 18:03:35.642 # 13.5306,  4.22179,  133.224,  35.6400, 1504.904, 04 Dec 2013 18:03:32,  26.7803, 11.5,   2.2
2013/12/04 18:03:45.641 # 13.5304,  4.22180,  133.226,  35.6402, 1504.904, 04 Dec 2013 18:03:42,  26.7805, 11.5,   2.1
2013/12/04 18:03:55.643 # 13.5305,  4.22180,  133.215,  35.6402, 1504.904, 04 Dec 2013 18:03:52,  26.7804, 11.5,   1.9
2013/12/04 18:04:05.642 # 13.5307,  4.22181,  133.204,  35.6402, 1504.904, 04 Dec 2013 18:04:02,  26.7804, 11.5,   2.1
2013/12/04 18:04:15.642 # 13.5307,  4.22182,  133.220,  35.6402, 1504.904, 04 Dec 2013 18:04:12,  26.7804, 11.5,   1.8
2013/12/04 18:04:25.642 # 13.5312,  4.22183,  133.213,  35.6398, 1504.906, 04 Dec 2013 18:04:22,  26.7800, 11.5,   2.1
2013/12/04 18:04:35.649 # 13.5311,  4.22186,  133.216,  35.6402, 1504.906, 04 Dec 2013 18:04:32,  26.7804, 11.5,   2.2
2013/12/04 18:04:45.641 # 13.5312,  4.22186,  133.211,  35.6401, 1504.906, 04 Dec 2013 18:04:42,  26.7803, 11.5,   2.0
2013/12/04 18:04:55.642 # 13.5312,  4.22187,  133.211,  35.6402, 1504.906, 04 Dec 2013 18:04:52,  26.7803, 11.5,   2.2
2013/12/04 18:05:05.641 # 13.5313,  4.22186,  133.215,  35.6401, 1504.906, 04 Dec 2013 18:05:02,  26.7802, 11.5,   2.0
2013/12/04 18:05:15.642 # 13.5314,  4.22188,  133.206,  35.6401, 1504.906, 04 Dec 2013 18:05:12,  26.7802, 11.5,   2.0
2013/12/04 18:05:25.641 # 13.5312,  4.22187,  133.209,  35.6402, 1504.906, 04 Dec 2013 18:05:22,  26.7803, 11.5,   2.1
2013/12/04 18:05:35.642 # 13.5316,  4.22190,  133.207,  35.6401, 1504.907, 04 Dec 2013 18:05:32,  26.7802, 11.5,   2.1
2013/12/04 18:05:45.642 # 13.5317,  4.22192,  133.216,  35.6402, 1504.908, 04 Dec 2013 18:05:42,  26.7802, 11.5,   2.5
2013/12/04 18:05:55.643 # 13.5320,  4.22192,  133.200,  35.6400, 1504.908, 04 Dec 2013 18:05:52,  26.7799, 11.5,   2.0
2013/12/04 18:06:12.157 [ctdbp2:DLOGP3]:Instrument Stopped [Power Off]
2013/12/04 18:57:30.667 [ctdbp2:DLOGP3]:Idle state, without initialize
2013/12/04 19:00:13.934 [ctdbp2:DLOGP3]:Instrument Started [Power On]
2013/12/04 19:00:27.649 # 13.5932,  4.22823,  133.086,  35.6425, 1505.109, 04 Dec 2013 19:00:24,  26.7692, 11.4,   2.0
2013/12/04 19:00:37.645 # 13.5926,  4.22818,  133.092,  35.6425, 1505.107, 04 Dec 2013 19:00:34,  26.7694, 11.4,   2.6
2013/12/04 19:00:47.642 # 13.5909,  4.22804,  133.096,  35.6428, 1505.102, 04 Dec 2013 19:00:44,  26.7699, 11.4,   2.2
2013/12/04 19:00:57.643 # 13.5901,  4.22795,  133.091,  35.6427, 1505.100, 04 Dec 2013 19:00:54,  26.7700, 11.4,   2.1
2013/12/04 19:01:07.655 # 13.5903,  4.22801,  133.088,  35.6431, 1505.101, 04 Dec 2013 19:01:04,  26.7703, 11.5,   2.0
2013/12/04 19:01:17.643 # 13.5904,  4.22799,  133.089,  35.6428, 1505.101, 04 Dec 2013 19:01:14,  26.7700, 11.5,   2.1
2013/12/04 19:01:27.642 # 13.5915,  4.22807,  133.085,  35.6425, 1505.104, 04 Dec 2013 19:01:24,  26.7695, 11.5,   2.3
2013/12/04 19:01:37.643 # 13.5927,  4.22817,  133.101,  35.6423, 1505.108, 04 Dec 2013 19:01:34,  26.7692, 11.5,   2.5
2013/12/04 19:01:47.642 # 13.5918,  4.22812,  133.102,  35.6427, 1505.105, 04 Dec 2013 19:01:44,  26.7697, 11.5,   2.1
2013/12/04 19:01:57.642 # 13.5915,  4.22810,  133.092,  35.6429, 1505.104, 04 Dec 2013 19:01:54,  26.7699, 11.5,   2.1
2013/12/04 19:02:07.642 # 13.5916,  4.22810,  133.103,  35.6427, 1505.105, 04 Dec 2013 19:02:04,  26.7697, 11.5,   2.2
2013/12/04 19:02:17.643 # 13.5912,  4.22806,  133.096,  35.6428, 1505.103, 04 Dec 2013 19:02:14,  26.7698, 11.5,   2.0
2013/12/04 19:02:27.643 # 13.5917,  4.22810,  133.093,  35.6426, 1505.105, 04 Dec 2013 19:02:24,  26.7697, 11.5,   2.2
2013/12/04 19:02:37.643 # 13.5933,  4.22826,  133.090,  35.6426, 1505.110, 04 Dec 2013 19:02:34,  26.7693, 11.5,   2.4
2013/12/04 19:02:47.643 # 13.5962,  4.22851,  133.098,  35.6423, 1505.119, 04 Dec 2013 19:02:44,  26.7684, 11.5,   2.0
2013/12/04 19:02:57.642 # 13.5956,  4.22848,  133.095,  35.6425, 1505.117, 04 Dec 2013 19:02:54,  26.7687, 11.5,   2.0
2013/12/04 19:03:07.642 # 13.5965,  4.22856,  133.090,  35.6424, 1505.120, 04 Dec 2013 19:03:04,  26.7684, 11.5,   1.9
2013/12/04 19:03:17.642 # 13.5959,  4.22853,  133.091,  35.6428, 1505.119, 04 Dec 2013 19:03:14,  26.7689, 11.5,   2.4
2013/12/04 19:03:27.641 # 13.5953,  4.22849,  133.095,  35.6428, 1505.117, 04 Dec 2013 19:03:24,  26.7690, 11.5,   1.9
2013/12/04 19:03:37.643 # 13.5957,  4.22849,  133.098,  35.6425, 1505.118, 04 Dec 2013 19:03:34,  26.7687, 11.5,   2.0
2013/12/04 19:03:47.642 # 13.5960,  4.22855,  133.097,  35.6429, 1505.119, 04 Dec 2013 19:03:44,  26.7689, 11.5,   2.0
2013/12/04 19:03:57.643 # 13.5961,  4.22856,  133.093,  35.6428, 1505.119, 04 Dec 2013 19:03:54,  26.7688, 11.5,   2.1
2013/12/04 19:04:07.642 # 13.5960,  4.22853,  133.092,  35.6427, 1505.119, 04 Dec 2013 19:04:04,  26.7688, 11.5,   2.1
2013/12/04 19:04:17.641 # 13.5957,  4.22851,  133.097,  35.6427, 1505.118, 04 Dec 2013 19:04:14,  26.7688, 11.5,   2.4
2013/12/04 19:04:27.643 # 13.5957,  4.22851,  133.084,  35.6427, 1505.118, 04 Dec 2013 19:04:24,  26.7689, 11.5,   2.5
2013/12/04 19:04:37.641 # 13.5954,  4.22850,  133.088,  35.6429, 1505.117, 04 Dec 2013 19:04:34,  26.7690, 11.5,   2.2
2013/12/04 19:04:47.642 # 13.5952,  4.22847,  133.093,  35.6429, 1505.116, 04 Dec 2013 19:04:44,  26.7690, 11.5,   1.9
2013/12/04 19:04:57.641 # 13.5957,  4.22852,  133.094,  35.6429, 1505.118, 04 Dec 2013 19:04:54,  26.7689, 11.5,   2.2
2013/12/04 19:05:07.642 # 13.5961,  4.22855,  133.094,  35.6428, 1505.119, 04 Dec 2013 19:05:04,  26.7688, 11.5,   2.2
2013/12/04 19:05:17.641 # 13.5998,  4.22888,  133.094,  35.6424, 1505.131, 04 Dec 2013 19:05:14,  26.7677, 11.5,   2.2
2013/12/04 19:05:27.642 # 13.5988,  4.22882,  133.091,  35.6428, 1505.128, 04 Dec 2013 19:05:24,  26.7683, 11.5,   2.0
2013/12/04 19:05:37.642 # 13.5984,  4.22879,  133.086,  35.6429, 1505.127, 04 Dec 2013 19:05:34,  26.7684, 11.5,   2.1
2013/12/04 19:05:47.646 # 13.5978,  4.22874,  133.093,  35.6429, 1505.125, 04 Dec 2013 19:05:44,  26.7686, 11.5,   1.9
2013/12/04 19:05:57.642 # 13.6002,  4.22895,  133.093,  35.6427, 1505.133, 04 Dec 2013 19:05:54,  26.7679, 11.5,   2.6
2013/12/04 19:06:06.153 [ctdbp2:DLOGP3]:Instrument Stopped [Power Off]
2013/12/04 20:07:55.748 [ctdbp2:DLOGP3]:Idle state, without initialize
2013/12/04 20:57:29.917 [ctdbp2:DLOGP3]:Idle state, without initialize
2013/12/04 21:00:13.223 [ctdbp2:DLOGP3]:Instrument Started [Power On]
2013/12/04 21:00:26.652 # 13.6681,  4.23583,  133.311,  35.6441, 1505.360, 04 Dec 2013 21:00:23,  26.7549, 11.4,   2.1
2013/12/04 21:00:36.644 # 13.6681,  4.23585,  133.301,  35.6443, 1505.360, 04 Dec 2013 21:00:33,  26.7550, 11.4,   2.1
2013/12/04 21:00:46.645 # 13.6674,  4.23579,  133.303,  35.6445, 1505.357, 04 Dec 2013 21:00:43,  26.7552, 11.4,   1.9
2013/12/04 21:00:56.644 # 13.6686,  4.23590,  133.307,  35.6443, 1505.362, 04 Dec 2013 21:00:53,  26.7549, 11.4,   2.0
2013/12/04 21:01:06.655 # 13.6692,  4.23598,  133.304,  35.6445, 1505.364, 04 Dec 2013 21:01:03,  26.7550, 11.5,   2.0
2013/12/04 21:01:16.645 # 13.6691,  4.23596,  133.306,  35.6445, 1505.363, 04 Dec 2013 21:01:13,  26.7549, 11.5,   2.3
2013/12/04 21:01:26.644 # 13.6682,  4.23588,  133.311,  35.6446, 1505.361, 04 Dec 2013 21:01:23,  26.7551, 11.5,   2.1
2013/12/04 21:01:36.645 # 13.6673,  4.23582,  133.300,  35.6449, 1505.358, 04 Dec 2013 21:01:33,  26.7556, 11.5,   2.2
2013/12/04 21:01:46.644 # 13.6667,  4.23575,  133.304,  35.6447, 1505.356, 04 Dec 2013 21:01:43,  26.7556, 11.5,   2.1
2013/12/04 21:01:56.645 # 13.6658,  4.23566,  133.298,  35.6447, 1505.353, 04 Dec 2013 21:01:53,  26.7557, 11.5,   2.1
2013/12/04 21:02:06.644 # 13.6661,  4.23567,  133.300,  35.6445, 1505.353, 04 Dec 2013 21:02:03,  26.7556, 11.5,   2.2
2013/12/04 21:02:16.644 # 13.6659,  4.23567,  133.312,  35.6447, 1505.353, 04 Dec 2013 21:02:13,  26.7557, 11.5,   2.0
2013/12/04 21:02:26.645 # 13.6662,  4.23567,  133.313,  35.6444, 1505.354, 04 Dec 2013 21:02:23,  26.7555, 11.5,   2.0
2013/12/04 21:02:36.643 # 13.6661,  4.23569,  133.307,  35.6447, 1505.354, 04 Dec 2013 21:02:33,  26.7557, 11.5,   2.2
2013/12/04 21:02:46.643 # 13.6659,  4.23567,  133.312,  35.6447, 1505.353, 04 Dec 2013 21:02:43,  26.7557, 11.5,   2.0
2013/12/04 21:02:56.644 # 13.6658,  4.23566,  133.310,  35.6447, 1505.353, 04 Dec 2013 21:02:53,  26.7559, 11.5,   2.0
2013/12/04 21:03:06.643 # 13.6661,  4.23565,  133.317,  35.6443, 1505.354, 04 Dec 2013 21:03:03,  26.7554, 11.5,   2.0
2013/12/04 21:03:16.645 # 13.6658,  4.23564,  133.298,  35.6445, 1505.353, 04 Dec 2013 21:03:13,  26.7556, 11.5,   2.2
2013/12/04 21:03:26.643 # 13.6655,  4.23564,  133.309,  35.6448, 1505.352, 04 Dec 2013 21:03:23,  26.7560, 11.5,   2.3
2013/12/04 21:03:36.643 # 13.6656,  4.23561,  133.314,  35.6444, 1505.352, 04 Dec 2013 21:03:33,  26.7556, 11.5,   2.1
2013/12/04 21:03:46.646 # 13.6655,  4.23561,  133.317,  35.6445, 1505.352, 04 Dec 2013 21:03:43,  26.7556, 11.5,   2.1
2013/12/04 21:03:56.644 # 13.6656,  4.23561,  133.315,  35.6444, 1505.352, 04 Dec 2013 21:03:53,  26.7556, 11.5,   1.9
2013/12/04 21:04:06.644 # 13.6652,  4.23560,  133.308,  35.6447, 1505.351, 04 Dec 2013 21:04:03,  26.7560, 11.5,   2.2
2013/12/04 21:04:16.644 # 13.6653,  4.23560,  133.314,  35.6446, 1505.351, 04 Dec 2013 21:04:13,  26.7557, 11.5,   3.3
2013/12/04 21:04:26.643 # 13.6652,  4.23558,  133.304,  35.6445, 1505.351, 04 Dec 2013 21:04:23,  26.7557, 11.5,   2.2
2013/12/04 21:04:36.643 # 13.6653,  4.23561,  133.316,  35.6446, 1505.351, 04 Dec 2013 21:04:33,  26.7557, 11.5,   2.1
2013/12/04 21:04:46.643 # 13.6652,  4.23559,  133.317,  35.6445, 1505.351, 04 Dec 2013 21:04:43,  26.7557, 11.5,   2.1
2013/12/04 21:04:56.644 # 13.6655,  4.23562,  133.315,  35.6446, 1505.352, 04 Dec 2013 21:04:53,  26.7557, 11.5,   2.3
2013/12/04 21:05:06.643 # 13.6651,  4.23559,  133.311,  35.6447, 1505.351, 04 Dec 2013 21:05:03,  26.7559, 11.5,   2.2
2013/12/04 21:05:16.643 # 13.6657,  4.23562,  133.314,  35.6444, 1505.352, 04 Dec 2013 21:05:13,  26.7556, 11.5,   2.4
2013/12/04 21:05:26.644 # 13.6659,  4.23567,  133.316,  35.6447, 1505.353, 04 Dec 2013 21:05:23,  26.7557, 11.5,   2.1
2013/12/04 21:05:36.645 # 13.6661,  4.23566,  133.314,  35.6444, 1505.354, 04 Dec 2013 21:05:33,  26.7555, 11.5,   2.4
2013/12/04 21:05:46.644 # 13.6658,  4.23565,  133.336,  35.6445, 1505.353, 04 Dec 2013 21:05:43,  26.7556, 11.5,   2.4
2013/12/04 21:05:56.644 # 13.6655,  4.23561,  133.326,  35.6445, 1505.352, 04 Dec 2013 21:05:53,  26.7557, 11.5,   2.3
2013/12/04 21:06:13.159 [ctdbp2:DLOGP3]:Instrument Stopped [Power Off]
2013/12/04 21:57:28.747 [ctdbp2:DLOGP3]:Idle state, without initialize
2013/12/04 22:00:13.864 [ctdbp2:DLOGP3]:Instrument Started [Power On]
2013/12/04 22:00:27.652 # 13.6606,  4.23513,  133.561,  35.6445, 1505.340, 04 Dec 2013 22:00:24,  26.7567, 11.4,   1.8
2013/12/04 22:00:37.646 # 13.6603,  4.23514,  133.565,  35.6449, 1505.339, 04 Dec 2013 22:00:34,  26.7571, 11.4,   2.6
2013/12/04 22:00:47.644 # 13.6617,  4.23523,  133.560,  35.6444, 1505.343, 04 Dec 2013 22:00:44,  26.7565, 11.4,   3.8
2013/12/04 22:00:57.656 # 13.6616,  4.23525,  133.577,  35.6446, 1505.344, 04 Dec 2013 22:00:54,  26.7566, 11.4,   2.0
2013/12/04 22:01:07.644 # 13.6614,  4.23525,  133.572,  35.6448, 1505.343, 04 Dec 2013 22:01:04,  26.7567, 11.5,   2.0
2013/12/04 22:01:17.646 # 13.6617,  4.23526,  133.567,  35.6446, 1505.344, 04 Dec 2013 22:01:14,  26.7566, 11.5,   2.2
2013/12/04 22:01:27.646 # 13.6616,  4.23524,  133.559,  35.6446, 1505.343, 04 Dec 2013 22:01:24,  26.7566, 11.5,   2.0
2013/12/04 22:01:37.644 # 13.6614,  4.23522,  133.579,  35.6446, 1505.343, 04 Dec 2013 22:01:34,  26.7566, 11.5,   2.1
2013/12/04 22:01:47.645 # 13.6612,  4.23522,  133.570,  35.6447, 1505.342, 04 Dec 2013 22:01:44,  26.7568, 11.5,   2.1
2013/12/04 22:01:57.644 # 13.6607,  4.23519,  133.570,  35.6448, 1505.341, 04 Dec 2013 22:01:54,  26.7570, 11.5,   2.0
2013/12/04 22:02:07.644 # 13.6607,  4.23516,  133.570,  35.6447, 1505.340, 04 Dec 2013 22:02:04,  26.7568, 11.5,   2.1
2013/12/04 22:02:17.645 # 13.6608,  4.23518,  133.577,  35.6447, 1505.341, 04 Dec 2013 22:02:14,  26.7568, 11.5,   2.0
2013/12/04 22:02:27.645 # 13.6609,  4.23517,  133.571,  35.6445, 1505.341, 04 Dec 2013 22:02:24,  26.7566, 11.5,   2.3
2013/12/04 22:02:37.649 # 13.6604,  4.23514,  133.578,  35.6447, 1505.340, 04 Dec 2013 22:02:34,  26.7568, 11.5,   2.3
2013/12/04 22:02:47.645 # 13.6604,  4.23512,  133.582,  35.6446, 1505.339, 04 Dec 2013 22:02:44,  26.7568, 11.5,   1.9
2013/12/04 22:02:57.644 # 13.6603,  4.23511,  133.577,  35.6446, 1505.339, 04 Dec 2013 22:02:54,  26.7568, 11.5,   2.1
2013/12/04 22:03:07.645 # 13.6601,  4.23509,  133.579,  35.6446, 1505.339, 04 Dec 2013 22:03:04,  26.7568, 11.5,   2.0
2013/12/04 22:03:17.646 # 13.6598,  4.23510,  133.569,  35.6448, 1505.338, 04 Dec 2013 22:03:14,  26.7571, 11.5,   3.4
2013/12/04 22:03:27.644 # 13.6599,  4.23507,  133.575,  35.6446, 1505.338, 04 Dec 2013 22:03:24,  26.7570, 11.5,   2.0
2013/12/04 22:03:37.645 # 13.6597,  4.23507,  133.575,  35.6447, 1505.337, 04 Dec 2013 22:03:34,  26.7571, 11.5,   2.1
2013/12/04 22:03:47.644 # 13.6595,  4.23506,  133.581,  35.6449, 1505.337, 04 Dec 2013 22:03:44,  26.7572, 11.5,   2.5
2013/12/04 22:03:57.673 # 13.6599,  4.23507,  133.577,  35.6446, 1505.338, 04 Dec 2013 22:03:54,  26.7570, 11.5,   2.2
2013/12/04 22:04:07.646 # 13.6598,  4.23506,  133.582,  35.6445, 1505.338, 04 Dec 2013 22:04:04,  26.7568, 11.5,   2.0
2013/12/04 22:04:17.658 # 13.6596,  4.23507,  133.585,  35.6447, 1505.337, 04 Dec 2013 22:04:14,  26.7571, 11.5,   2.1
2013/12/04 22:04:27.645 # 13.6600,  4.23507,  133.596,  35.6444, 1505.338, 04 Dec 2013 22:04:24,  26.7568, 11.5,   2.1
2013/12/04 22:04:37.654 # 13.6596,  4.23507,  133.582,  35.6447, 1505.337, 04 Dec 2013 22:04:34,  26.7571, 11.5,   2.0
2013/12/04 22:04:47.645 # 13.6609,  4.23517,  133.590,  35.6445, 1505.341, 04 Dec 2013 22:04:44,  26.7566, 11.5,   2.2
2013/12/04 22:04:57.644 # 13.6607,  4.23515,  133.586,  35.6445, 1505.341, 04 Dec 2013 22:04:54,  26.7567, 11.5,   2.1
2013/12/04 22:05:07.645 # 13.6605,  4.23513,  133.585,  35.6445, 1505.340, 04 Dec 2013 22:05:04,  26.7567, 11.5,   2.1
2013/12/04 22:05:17.644 # 13.6603,  4.23512,  133.601,  35.6446, 1505.340, 04 Dec 2013 22:05:14,  26.7568, 11.5,   2.0
2013/12/04 22:05:27.643 # 13.6607,  4.23515,  133.587,  35.6445, 1505.341, 04 Dec 2013 22:05:24,  26.7567, 11.5,   2.0
2013/12/04 22:05:37.651 # 13.6600,  4.23512,  133.594,  35.6449, 1505.339, 04 Dec 2013 22:05:34,  26.7571, 11.5,   2.2
2013/12/04 22:05:47.645 # 13.6599,  4.23510,  133.586,  35.6449, 1505.338, 04 Dec 2013 22:05:44,  26.7572, 11.5,   2.7
2013/12/04 22:05:57.657 # 13.6601,  4.23510,  133.594,  35.6446, 1505.339, 04 Dec 2013 22:05:54,  26.7568, 11.5,   2.3
2013/12/04 22:06:06.187 [ctdbp2:DLOGP3]:Instrument Stopped [Power Off]
2013/12/04 22:57:29.584 [ctdbp2:DLOGP3]:Idle state, without initialize
2013/12/04 23:00:12.759 [ctdbp2:DLOGP3]:Instrument Started [Power On]
2013/12/04 23:00:26.652 # 13.6458,  4.23374,  133.872,  35.6451, 1505.297, 04 Dec 2013 23:00:23,  26.7603, 11.4,   1.7
2013/12/04 23:00:36.646 # 13.6461,  4.23377,  133.866,  35.6450, 1505.298, 04 Dec 2013 23:00:33,  26.7601, 11.4,   2.1
2013/12/04 23:00:46.645 # 13.6459,  4.23376,  133.870,  35.6451, 1505.298, 04 Dec 2013 23:00:43,  26.7603, 11.4,   2.1
2013/12/04 23:00:56.657 # 13.6457,  4.23374,  133.872,  35.6451, 1505.297, 04 Dec 2013 23:00:53,  26.7603, 11.4,   1.9
2013/12/04 23:01:06.646 # 13.6451,  4.23371,  133.872,  35.6454, 1505.296, 04 Dec 2013 23:01:03,  26.7606, 11.5,   2.2
2013/12/04 23:01:16.646 # 13.6454,  4.23370,  133.871,  35.6450, 1505.296, 04 Dec 2013 23:01:13,  26.7603, 11.5,   2.3
2013/12/04 23:01:26.646 # 13.6452,  4.23367,  133.872,  35.6449, 1505.295, 04 Dec 2013 23:01:23,  26.7603, 11.5,   2.1
2013/12/04 23:01:36.646 # 13.6449,  4.23368,  133.871,  35.6452, 1505.295, 04 Dec 2013 23:01:33,  26.7606, 11.5,   1.9
2013/12/04 23:01:46.647 # 13.6451,  4.23368,  133.868,  35.6451, 1505.295, 04 Dec 2013 23:01:43,  26.7604, 11.5,   2.2
2013/12/04 23:01:56.646 # 13.6453,  4.23367,  133.878,  35.6449, 1505.296, 04 Dec 2013 23:01:53,  26.7603, 11.5,   2.1
2013/12/04 23:02:06.645 # 13.6454,  4.23368,  133.876,  35.6447, 1505.296, 04 Dec 2013 23:02:03,  26.7600, 11.5,   1.9
2013/12/04 23:02:16.646 # 13.6450,  4.23367,  133.873,  35.6452, 1505.295, 04 Dec 2013 23:02:13,  26.7605, 11.5,   2.0
2013/12/04 23:02:26.646 # 13.6450,  4.23364,  133.870,  35.6448, 1505.294, 04 Dec 2013 23:02:23,  26.7603, 11.5,   2.2
2013/12/04 23:02:36.646 # 13.6443,  4.23360,  133.866,  35.6450, 1505.292, 04 Dec 2013 23:02:33,  26.7605, 11.5,   1.9
2013/12/04 23:02:46.645 # 13.6441,  4.23360,  133.873,  35.6452, 1505.292, 04 Dec 2013 23:02:43,  26.7607, 11.5,   2.2
2013/12/04 23:02:56.646 # 13.6445,  4.23359,  133.879,  35.6447, 1505.293, 04 Dec 2013 23:02:53,  26.7603, 11.5,   2.1
2013/12/04 23:03:06.645 # 13.6443,  4.23357,  133.888,  35.6447, 1505.292, 04 Dec 2013 23:03:03,  26.7603, 11.5,   2.0
2013/12/04 23:03:16.645 # 13.6443,  4.23356,  133.881,  35.6448, 1505.292, 04 Dec 2013 23:03:13,  26.7604, 11.5,   2.2
2013/12/04 23:03:26.646 # 13.6442,  4.23358,  133.884,  35.6450, 1505.292, 04 Dec 2013 23:03:23,  26.7605, 11.5,   1.9
2013/12/04 23:03:36.644 # 13.6443,  4.23357,  133.880,  35.6448, 1505.292, 04 Dec 2013 23:03:33,  26.7604, 11.5,   2.4
2013/12/04 23:03:46.646 # 13.6442,  4.23356,  133.880,  35.6448, 1505.292, 04 Dec 2013 23:03:43,  26.7604, 11.5,   2.0
2013/12/04 23:03:56.644 # 13.6438,  4.23355,  133.890,  35.6450, 1505.291, 04 Dec 2013 23:03:53,  26.7606, 11.5,   2.0
2013/12/04 23:04:06.645 # 13.6438,  4.23352,  133.879,  35.6447, 1505.291, 04 Dec 2013 23:04:03,  26.7604, 11.5,   2.0
2013/12/04 23:04:16.646 # 13.6436,  4.23351,  133.893,  35.6448, 1505.290, 04 Dec 2013 23:04:13,  26.7605, 11.5,   2.4
2013/12/04 23:04:26.644 # 13.6435,  4.23349,  133.889,  35.6449, 1505.290, 04 Dec 2013 23:04:23,  26.7606, 11.5,   2.2
2013/12/04 23:04:36.644 # 13.6433,  4.23348,  133.891,  35.6449, 1505.289, 04 Dec 2013 23:04:33,  26.7606, 11.5,   2.4
2013/12/04 23:04:46.644 # 13.6432,  4.23349,  133.888,  35.6451, 1505.289, 04 Dec 2013 23:04:43,  26.7607, 11.5,   2.0
2013/12/04 23:04:56.645 # 13.6432,  4.23347,  133.908,  35.6448, 1505.289, 04 Dec 2013 23:04:53,  26.7606, 11.5,   2.4
2013/12/04 23:05:06.644 # 13.6428,  4.23345,  133.885,  35.6450, 1505.288, 04 Dec 2013 23:05:03,  26.7609, 11.5,   2.0
2013/12/04 23:05:16.645 # 13.6424,  4.23342,  133.893,  35.6451, 1505.287, 04 Dec 2013 23:05:13,  26.7610, 11.5,   1.9
2013/12/04 23:05:26.645 # 13.6427,  4.23341,  133.899,  35.6448, 1505.287, 04 Dec 2013 23:05:23,  26.7606, 11.5,   2.1
2013/12/04 23:05:36.645 # 13.6424,  4.23339,  133.898,  35.6449, 1505.286, 04 Dec 2013 23:05:33,  26.7609, 11.5,   2.2
2013/12/04 23:05:46.646 # 13.6423,  4.23338,  133.899,  35.6449, 1505.286, 04 Dec 2013 23:05:43,  26.7609, 11.5,   2.0
2013/12/04 23:05:56.644 # 13.6424,  4.23338,  133.890,  35.6448, 1505.286, 04 Dec 2013 23:05:53,  26.7607, 11.5,   2.5
2013/12/04 23:06:13.198 [ctdbp2:DLOGP3]:Instrument Stopped [Power Off]
2013/12/04 23:57:27.895 [ctdbp2:DLOGP3]:Idle state, without initialize
